{"meta": {"format": 3, "version": "7.13.4", "timestamp": "2026-03-05T20:04:49.167054", "branch_coverage": false, "show_contexts": false}, "files": {"habitus/habitus/__init__.py": {"executed_lines": [], "summary": {"covered_lines": 0, "num_statements": 0, "percent_covered": 100.0, "percent_covered_display": "100", "missing_lines": 0, "excluded_lines": 0, "percent_statements_covered": 100.0, "percent_statements_covered_display": "100"}, "missing_lines": [], "excluded_lines": [], "functions": {"": {"executed_lines": [], "summary": {"covered_lines": 0, "num_statements": 0, "percent_covered": 100.0, "percent_covered_display": "100", "missing_lines": 0, "excluded_lines": 0, "percent_statements_covered": 100.0, "percent_statements_covered_display": "100"}, "missing_lines": [], "excluded_lines": [], "start_line": 1}}, "classes": {"": {"executed_lines": [], "summary": {"covered_lines": 0, "num_statements": 0, "percent_covered": 100.0, "percent_covered_display": "100", "missing_lines": 0, "excluded_lines": 0, "percent_statements_covered": 100.0, "percent_statements_covered_display": "100"}, "missing_lines": [], "excluded_lines": [], "start_line": 1}}}, "habitus/habitus/activity.py": {"executed_lines": [56, 58, 59, 60, 61, 62, 64, 65, 67, 69, 70, 71, 76, 84, 93, 103, 117, 126, 137, 147, 149, 150, 151, 154, 155, 156, 157, 159, 160, 161, 162, 163, 164, 165, 168, 191, 192, 194, 195, 196, 197, 199, 201, 203, 205, 206, 207, 208, 211, 214, 219, 220, 221, 227, 228, 230, 231, 234, 237, 240, 243, 248, 249, 259, 261, 264, 278, 279, 280, 282, 283, 284, 286, 297, 298, 299, 300, 301, 302, 304, 305, 307, 312, 313, 315, 316, 318, 323, 326, 339, 340, 405, 452, 461, 462, 463, 464, 465, 466, 467, 469, 489, 491, 503, 505, 511, 512, 513, 514, 516, 519, 527, 528, 529, 530], "summary": {"covered_lines": 115, "num_statements": 172, "percent_covered": 66.86046511627907, "percent_covered_display": "67", "missing_lines": 57, "excluded_lines": 0, "percent_statements_covered": 66.86046511627907, "percent_statements_covered_display": "67"}, "missing_lines": [158, 303, 306, 342, 343, 345, 346, 348, 349, 351, 353, 354, 357, 359, 360, 361, 362, 363, 364, 365, 366, 368, 369, 371, 389, 391, 399, 400, 402, 412, 414, 415, 416, 417, 419, 420, 421, 422, 423, 424, 425, 426, 427, 428, 429, 430, 432, 444, 445, 446, 447, 449, 515, 532, 533, 534, 536], "excluded_lines": [], "functions": {"classify_entity": {"executed_lines": [147, 149, 150, 151, 154, 155, 156, 157, 159, 160, 161, 162, 163, 164, 165], "summary": {"covered_lines": 15, "num_statements": 16, "percent_covered": 93.75, "percent_covered_display": "94", "missing_lines": 1, "excluded_lines": 0, "percent_statements_covered": 93.75, "percent_statements_covered_display": "94"}, "missing_lines": [158], "excluded_lines": [], "start_line": 137}, "extract_activity_features": {"executed_lines": [191, 192, 194, 195, 196, 197, 199, 201, 203, 211, 214, 219, 220, 221, 227, 228, 230, 231, 234, 237, 240, 243, 248, 249, 259, 261], "summary": {"covered_lines": 26, "num_statements": 26, "percent_covered": 100.0, "percent_covered_display": "100", "missing_lines": 0, "excluded_lines": 0, "percent_statements_covered": 100.0, "percent_statements_covered_display": "100"}, "missing_lines": [], "excluded_lines": [], "start_line": 168}, "extract_activity_features._agg": {"executed_lines": [205, 206, 207, 208], "summary": {"covered_lines": 4, "num_statements": 4, "percent_covered": 100.0, "percent_covered_display": "100", "missing_lines": 0, "excluded_lines": 0, "percent_statements_covered": 100.0, "percent_statements_covered_display": "100"}, "missing_lines": [], "excluded_lines": [], "start_line": 203}, "build_activity_baseline": {"executed_lines": [278, 279, 280, 282, 283, 284, 286, 297, 298, 299, 300, 301, 302, 304, 305, 307, 312, 313, 315, 316, 318, 323], "summary": {"covered_lines": 22, "num_statements": 24, "percent_covered": 91.66666666666667, "percent_covered_display": "92", "missing_lines": 2, "excluded_lines": 0, "percent_statements_covered": 91.66666666666667, "percent_statements_covered_display": "92"}, "missing_lines": [303, 306], "excluded_lines": [], "start_line": 264}, "score_activity_anomalies": {"executed_lines": [339, 340], "summary": {"covered_lines": 2, "num_statements": 28, "percent_covered": 7.142857142857143, "percent_covered_display": "7", "missing_lines": 26, "excluded_lines": 0, "percent_statements_covered": 7.142857142857143, "percent_statements_covered_display": "7"}, "missing_lines": [342, 343, 345, 346, 348, 349, 351, 353, 354, 357, 359, 360, 361, 362, 363, 364, 365, 366, 368, 369, 371, 389, 391, 399, 400, 402], "excluded_lines": [], "start_line": 326}, "_fetch_activity_states": {"executed_lines": [], "summary": {"covered_lines": 0, "num_statements": 23, "percent_covered": 0.0, "percent_covered_display": "0", "missing_lines": 23, "excluded_lines": 0, "percent_statements_covered": 0.0, "percent_statements_covered_display": "0"}, "missing_lines": [412, 414, 415, 416, 417, 419, 420, 421, 422, 423, 424, 425, 426, 427, 428, 429, 430, 432, 444, 445, 446, 447, 449], "excluded_lines": [], "start_line": 405}, "_derive_current_features": {"executed_lines": [461, 462, 463, 464, 465, 466, 467, 469], "summary": {"covered_lines": 8, "num_statements": 8, "percent_covered": 100.0, "percent_covered_display": "100", "missing_lines": 0, "excluded_lines": 0, "percent_statements_covered": 100.0, "percent_statements_covered_display": "100"}, "missing_lines": [], "excluded_lines": [], "start_line": 452}, "_feature_label": {"executed_lines": [491], "summary": {"covered_lines": 1, "num_statements": 1, "percent_covered": 100.0, "percent_covered_display": "100", "missing_lines": 0, "excluded_lines": 0, "percent_statements_covered": 100.0, "percent_statements_covered_display": "100"}, "missing_lines": [], "excluded_lines": [], "start_line": 489}, "_fmt_feature": {"executed_lines": [505, 511, 512, 513, 514, 516], "summary": {"covered_lines": 6, "num_statements": 7, "percent_covered": 85.71428571428571, "percent_covered_display": "86", "missing_lines": 1, "excluded_lines": 0, "percent_statements_covered": 85.71428571428571, "percent_statements_covered_display": "86"}, "missing_lines": [515], "excluded_lines": [], "start_line": 503}, "get_activity_summary": {"executed_lines": [527, 528, 529, 530], "summary": {"covered_lines": 4, "num_statements": 8, "percent_covered": 50.0, "percent_covered_display": "50", "missing_lines": 4, "excluded_lines": 0, "percent_statements_covered": 50.0, "percent_statements_covered_display": "50"}, "missing_lines": [532, 533, 534, 536], "excluded_lines": [], "start_line": 519}, "": {"executed_lines": [56, 58, 59, 60, 61, 62, 64, 65, 67, 69, 70, 71, 76, 84, 93, 103, 117, 126, 137, 168, 264, 326, 405, 452, 489, 503, 519], "summary": {"covered_lines": 27, "num_statements": 27, "percent_covered": 100.0, "percent_covered_display": "100", "missing_lines": 0, "excluded_lines": 0, "percent_statements_covered": 100.0, "percent_statements_covered_display": "100"}, "missing_lines": [], "excluded_lines": [], "start_line": 1}}, "classes": {"": {"executed_lines": [56, 58, 59, 60, 61, 62, 64, 65, 67, 69, 70, 71, 76, 84, 93, 103, 117, 126, 137, 147, 149, 150, 151, 154, 155, 156, 157, 159, 160, 161, 162, 163, 164, 165, 168, 191, 192, 194, 195, 196, 197, 199, 201, 203, 205, 206, 207, 208, 211, 214, 219, 220, 221, 227, 228, 230, 231, 234, 237, 240, 243, 248, 249, 259, 261, 264, 278, 279, 280, 282, 283, 284, 286, 297, 298, 299, 300, 301, 302, 304, 305, 307, 312, 313, 315, 316, 318, 323, 326, 339, 340, 405, 452, 461, 462, 463, 464, 465, 466, 467, 469, 489, 491, 503, 505, 511, 512, 513, 514, 516, 519, 527, 528, 529, 530], "summary": {"covered_lines": 115, "num_statements": 172, "percent_covered": 66.86046511627907, "percent_covered_display": "67", "missing_lines": 57, "excluded_lines": 0, "percent_statements_covered": 66.86046511627907, "percent_statements_covered_display": "67"}, "missing_lines": [158, 303, 306, 342, 343, 345, 346, 348, 349, 351, 353, 354, 357, 359, 360, 361, 362, 363, 364, 365, 366, 368, 369, 371, 389, 391, 399, 400, 402, 412, 414, 415, 416, 417, 419, 420, 421, 422, 423, 424, 425, 426, 427, 428, 429, 430, 432, 444, 445, 446, 447, 449, 515, 532, 533, 534, 536], "excluded_lines": [], "start_line": 1}}}, "habitus/habitus/activity_hmm.py": {"executed_lines": [12, 13, 14, 15, 16, 17, 18, 20, 22, 24, 25, 26, 29, 31, 34, 41, 42, 43, 45, 46, 48, 49, 59, 60, 61, 126, 138, 140, 142, 143, 144, 145, 146, 147, 148, 150, 152, 153, 154, 155, 156, 159, 161, 162, 163, 166, 167, 168, 169, 170, 172, 173, 180, 181, 182, 183, 184, 185, 188, 189, 190, 191, 193, 194, 195, 196, 199, 200, 201, 203, 216, 219, 220, 221, 222, 223, 224, 225, 228, 229, 230, 231, 232, 233, 236, 237, 238, 239, 240, 241, 242, 243, 244, 245, 246, 247, 249, 259, 260, 262, 263], "summary": {"covered_lines": 101, "num_statements": 147, "percent_covered": 68.70748299319727, "percent_covered_display": "69", "missing_lines": 46, "excluded_lines": 0, "percent_statements_covered": 68.70748299319727, "percent_statements_covered_display": "69"}, "missing_lines": [50, 58, 63, 64, 67, 73, 74, 75, 76, 77, 78, 80, 81, 82, 83, 84, 85, 86, 87, 88, 89, 90, 91, 92, 93, 95, 96, 99, 100, 101, 103, 104, 105, 106, 107, 109, 120, 122, 149, 151, 174, 176, 177, 178, 179, 192], "excluded_lines": [], "functions": {"_build_observation_matrix": {"executed_lines": [41, 42, 43, 45, 46, 48, 49, 59, 60, 61], "summary": {"covered_lines": 10, "num_statements": 48, "percent_covered": 20.833333333333332, "percent_covered_display": "21", "missing_lines": 38, "excluded_lines": 0, "percent_statements_covered": 20.833333333333332, "percent_statements_covered_display": "21"}, "missing_lines": [50, 58, 63, 64, 67, 73, 74, 75, 76, 77, 78, 80, 81, 82, 83, 84, 85, 86, 87, 88, 89, 90, 91, 92, 93, 95, 96, 99, 100, 101, 103, 104, 105, 106, 107, 109, 120, 122], "excluded_lines": [], "start_line": 34}, "_label_state": {"executed_lines": [140, 142, 143, 144, 145, 146, 147, 148, 150, 152, 153, 154, 155, 156], "summary": {"covered_lines": 14, "num_statements": 16, "percent_covered": 87.5, "percent_covered_display": "88", "missing_lines": 2, "excluded_lines": 0, "percent_statements_covered": 87.5, "percent_statements_covered_display": "88"}, "missing_lines": [149, 151], "excluded_lines": [], "start_line": 138}, "train_activity_model": {"executed_lines": [161, 162, 163, 166, 167, 168, 169, 170, 172, 173, 180, 181, 182, 183, 184, 185, 188, 189, 190, 191, 193, 194, 195, 196, 199, 200, 201, 203, 216, 219, 220, 221, 222, 223, 224, 225, 228, 229, 230, 231, 232, 233, 236, 237, 238, 239, 240, 241, 242, 243, 244, 245, 246, 247, 249, 259, 260, 262, 263], "summary": {"covered_lines": 59, "num_statements": 65, "percent_covered": 90.76923076923077, "percent_covered_display": "91", "missing_lines": 6, "excluded_lines": 0, "percent_statements_covered": 90.76923076923077, "percent_statements_covered_display": "91"}, "missing_lines": [174, 176, 177, 178, 179, 192], "excluded_lines": [], "start_line": 159}, "": {"executed_lines": [12, 13, 14, 15, 16, 17, 18, 20, 22, 24, 25, 26, 29, 31, 34, 126, 138, 159], "summary": {"covered_lines": 18, "num_statements": 18, "percent_covered": 100.0, "percent_covered_display": "100", "missing_lines": 0, "excluded_lines": 0, "percent_statements_covered": 100.0, "percent_statements_covered_display": "100"}, "missing_lines": [], "excluded_lines": [], "start_line": 1}}, "classes": {"": {"executed_lines": [12, 13, 14, 15, 16, 17, 18, 20, 22, 24, 25, 26, 29, 31, 34, 41, 42, 43, 45, 46, 48, 49, 59, 60, 61, 126, 138, 140, 142, 143, 144, 145, 146, 147, 148, 150, 152, 153, 154, 155, 156, 159, 161, 162, 163, 166, 167, 168, 169, 170, 172, 173, 180, 181, 182, 183, 184, 185, 188, 189, 190, 191, 193, 194, 195, 196, 199, 200, 201, 203, 216, 219, 220, 221, 222, 223, 224, 225, 228, 229, 230, 231, 232, 233, 236, 237, 238, 239, 240, 241, 242, 243, 244, 245, 246, 247, 249, 259, 260, 262, 263], "summary": {"covered_lines": 101, "num_statements": 147, "percent_covered": 68.70748299319727, "percent_covered_display": "69", "missing_lines": 46, "excluded_lines": 0, "percent_statements_covered": 68.70748299319727, "percent_statements_covered_display": "69"}, "missing_lines": [50, 58, 63, 64, 67, 73, 74, 75, 76, 77, 78, 80, 81, 82, 83, 84, 85, 86, 87, 88, 89, 90, 91, 92, 93, 95, 96, 99, 100, 101, 103, 104, 105, 106, 107, 109, 120, 122, 149, 151, 174, 176, 177, 178, 179, 192], "excluded_lines": [], "start_line": 1}}}, "habitus/habitus/anomaly_breakdown.py": {"executed_lines": [3, 4, 5, 6, 7, 9, 10, 12, 14, 15, 16, 17, 18, 19, 22, 23, 24, 25, 27, 28, 29, 31, 32, 35, 38, 47, 49, 50, 53, 55, 56, 59, 61, 64, 91, 94, 95, 96, 98, 99, 100, 101, 102, 103, 105, 106, 107, 109, 110, 112, 113, 114, 115, 116, 117, 118, 119, 120, 121, 122, 131, 132, 133, 134, 135, 136, 141, 142, 143, 152, 153, 154, 155, 156, 157, 158, 159, 160, 161, 162, 163, 164, 165, 166, 178, 179, 180, 181, 182, 183, 185, 186, 187, 192, 202, 203, 204, 205, 206, 207, 208, 217, 218, 220, 223, 234, 235, 236, 237, 238, 239, 240, 242, 243, 245, 246, 247, 250, 263, 264, 265, 266, 269, 283, 284, 285, 286, 287, 288, 289, 290, 291, 292, 295, 316, 317, 318, 319, 320, 321, 322, 323, 326, 327, 328, 332, 333, 334, 335, 337, 338, 339, 342, 343, 345, 346, 347, 348, 350, 351, 352, 353, 354, 361, 364, 365, 366, 367, 368, 370, 375, 378, 379, 380, 382, 383, 384, 387, 401, 402, 405, 406, 408, 409, 412, 413, 414, 416, 419, 427, 428, 429, 430, 432, 439, 442, 459, 460, 463, 464, 465, 466, 469, 470, 471, 472, 473, 474, 476, 477, 478, 479, 481, 482, 483, 484, 485, 493, 494, 495, 498, 507, 508, 509, 510, 511, 512, 513, 514, 515, 517, 520, 540, 541, 543, 544, 546, 547, 548, 551, 552, 553, 557, 558, 561, 562, 565, 566, 567, 570, 571, 572, 575, 576, 577, 578, 579, 580, 581, 589, 599, 601, 602, 603, 604, 607, 608, 612, 613, 617, 618, 620, 621, 622, 623, 624, 625, 626, 627, 628, 629, 637, 639, 641, 642, 645, 648, 649, 650, 651, 652, 659, 660, 661, 671, 672, 674, 678, 679, 680, 681, 682, 683, 687, 688, 689, 690, 691, 694, 695, 701, 703, 710, 711, 714, 717, 718, 725, 726, 727, 728, 729, 730, 731, 733, 735, 737, 738, 740, 741, 742, 746, 747, 748, 749, 754, 759, 760, 762, 763, 765, 766, 767, 768, 771, 786, 789, 790, 792, 797, 802, 804, 806, 808, 809, 813, 814, 815, 817, 818, 820, 822, 824, 826, 828, 829, 830, 831, 834, 835, 837, 838, 843, 848, 849, 851, 854, 855, 856, 857, 860, 880, 881, 882, 883, 884, 885, 886, 888, 889, 891, 892, 893, 898, 901, 919, 920, 922, 923, 926, 927, 929, 930, 932, 938, 939, 941, 942, 945, 955, 956, 960, 961, 962, 963, 971, 972, 973, 976, 977, 979, 980, 981, 982, 983, 984, 985, 986, 987, 988, 990, 993, 996, 997, 998, 999, 1000, 1001, 1002, 1003, 1004, 1005, 1006, 1007, 1008, 1009, 1010, 1011, 1012, 1015, 1016, 1019, 1020], "summary": {"covered_lines": 453, "num_statements": 475, "percent_covered": 95.36842105263158, "percent_covered_display": "95", "missing_lines": 22, "excluded_lines": 0, "percent_statements_covered": 95.36842105263158, "percent_statements_covered_display": "95"}, "missing_lines": [92, 403, 417, 431, 461, 480, 516, 609, 640, 646, 653, 654, 673, 675, 736, 810, 852, 957, 958, 969, 991, 992], "excluded_lines": [], "functions": {"_is_power_entity": {"executed_lines": [49, 50], "summary": {"covered_lines": 2, "num_statements": 2, "percent_covered": 100.0, "percent_covered_display": "100", "missing_lines": 0, "excluded_lines": 0, "percent_statements_covered": 100.0, "percent_statements_covered_display": "100"}, "missing_lines": [], "excluded_lines": [], "start_line": 47}, "_is_temperature_entity": {"executed_lines": [55, 56], "summary": {"covered_lines": 2, "num_statements": 2, "percent_covered": 100.0, "percent_covered_display": "100", "missing_lines": 0, "excluded_lines": 0, "percent_statements_covered": 100.0, "percent_statements_covered_display": "100"}, "missing_lines": [], "excluded_lines": [], "start_line": 53}, "_is_humidity_entity": {"executed_lines": [61], "summary": {"covered_lines": 1, "num_statements": 1, "percent_covered": 100.0, "percent_covered_display": "100", "missing_lines": 0, "excluded_lines": 0, "percent_statements_covered": 100.0, "percent_statements_covered_display": "100"}, "missing_lines": [], "excluded_lines": [], "start_line": 59}, "apply_data_quality_filters": {"executed_lines": [91, 94, 95, 96, 98, 99, 100, 101, 102, 103, 105, 106, 107, 109, 110, 112, 113, 114, 115, 116, 117, 118, 119, 120, 121, 122, 131, 132, 133, 134, 135, 136, 141, 142, 143, 152, 153, 154, 155, 156, 157, 158, 159, 160, 161, 162, 163, 164, 165, 166, 178, 179, 180, 181, 182, 183, 185, 186, 187, 192, 202, 203, 204, 205, 206, 207, 208, 217, 218, 220], "summary": {"covered_lines": 70, "num_statements": 71, "percent_covered": 98.59154929577464, "percent_covered_display": "99", "missing_lines": 1, "excluded_lines": 0, "percent_statements_covered": 98.59154929577464, "percent_statements_covered_display": "99"}, "missing_lines": [92], "excluded_lines": [], "start_line": 64}, "_persist_data_quality": {"executed_lines": [234, 235, 236, 237, 238, 239, 240, 242, 243, 245, 246, 247], "summary": {"covered_lines": 12, "num_statements": 12, "percent_covered": 100.0, "percent_covered_display": "100", "missing_lines": 0, "excluded_lines": 0, "percent_statements_covered": 100.0, "percent_statements_covered_display": "100"}, "missing_lines": [], "excluded_lines": [], "start_line": 223}, "compute_entity_confidence": {"executed_lines": [263, 264, 265, 266], "summary": {"covered_lines": 4, "num_statements": 4, "percent_covered": 100.0, "percent_covered_display": "100", "missing_lines": 0, "excluded_lines": 0, "percent_statements_covered": 100.0, "percent_statements_covered_display": "100"}, "missing_lines": [], "excluded_lines": [], "start_line": 250}, "compute_weighted_score": {"executed_lines": [283, 284, 285, 286, 287, 288, 289, 290, 291, 292], "summary": {"covered_lines": 10, "num_statements": 10, "percent_covered": 100.0, "percent_covered_display": "100", "missing_lines": 0, "excluded_lines": 0, "percent_statements_covered": 100.0, "percent_statements_covered_display": "100"}, "missing_lines": [], "excluded_lines": [], "start_line": 269}, "build_entity_baselines": {"executed_lines": [316, 317, 318, 319, 320, 321, 322, 323, 326, 327, 328, 332, 333, 334, 335, 337, 338, 339, 342, 343, 345, 346, 347, 348, 350, 351, 352, 353, 354, 361, 364, 365, 366, 367, 368, 370, 375, 378, 379, 380, 382, 383, 384], "summary": {"covered_lines": 43, "num_statements": 43, "percent_covered": 100.0, "percent_covered_display": "100", "missing_lines": 0, "excluded_lines": 0, "percent_statements_covered": 100.0, "percent_statements_covered_display": "100"}, "missing_lines": [], "excluded_lines": [], "start_line": 295}, "_build_rate_baseline": {"executed_lines": [401, 402, 405, 406, 408, 409, 412, 413, 414, 416, 419, 427, 428, 429, 430, 432, 439], "summary": {"covered_lines": 17, "num_statements": 20, "percent_covered": 85.0, "percent_covered_display": "85", "missing_lines": 3, "excluded_lines": 0, "percent_statements_covered": 85.0, "percent_statements_covered_display": "85"}, "missing_lines": [403, 417, 431], "excluded_lines": [], "start_line": 387}, "_build_binary_baseline": {"executed_lines": [459, 460, 463, 464, 465, 466, 469, 470, 471, 472, 473, 474, 476, 477, 478, 479, 481, 482, 483, 484, 485, 493, 494, 495], "summary": {"covered_lines": 24, "num_statements": 26, "percent_covered": 92.3076923076923, "percent_covered_display": "92", "missing_lines": 2, "excluded_lines": 0, "percent_statements_covered": 92.3076923076923, "percent_statements_covered_display": "92"}, "missing_lines": [461, 480], "excluded_lines": [], "start_line": 442}, "_compute_avg_on_duration": {"executed_lines": [507, 508, 509, 510, 511, 512, 513, 514, 515, 517], "summary": {"covered_lines": 10, "num_statements": 11, "percent_covered": 90.9090909090909, "percent_covered_display": "91", "missing_lines": 1, "excluded_lines": 0, "percent_statements_covered": 90.9090909090909, "percent_statements_covered_display": "91"}, "missing_lines": [516], "excluded_lines": [], "start_line": 498}, "score_entities": {"executed_lines": [540, 541, 543, 544, 546, 547, 548, 551, 552, 553, 557, 558, 561, 562, 565, 566, 567, 570, 571, 572, 575, 576, 577, 578, 579, 580, 581, 589, 599, 601, 602, 603, 604, 607, 608, 612, 613, 617, 618, 620, 621, 622, 623, 624, 625, 626, 627, 628, 629, 637, 639, 641, 642, 645, 648, 649, 650, 651, 652, 659, 660, 661, 671, 672, 674, 678, 679, 680, 681, 682, 683, 687, 688, 689, 690, 691, 694, 695, 701, 703, 710, 711, 714, 717, 718, 725, 726, 727, 728, 729, 730, 731, 733, 735, 737, 738, 740, 741, 742, 746, 747, 748, 749, 754, 759, 760, 762, 763, 765, 766, 767, 768, 771, 786, 789, 790, 792, 797, 802, 804, 806, 808, 809, 813, 814, 815, 817, 818, 820, 822, 824, 826, 828, 829, 830, 831, 834, 835, 837, 838, 843, 848, 849, 851, 854, 855, 856, 857, 860, 880, 881, 882, 883, 884, 885, 886, 888, 889, 891, 892, 893, 898], "summary": {"covered_lines": 162, "num_statements": 172, "percent_covered": 94.18604651162791, "percent_covered_display": "94", "missing_lines": 10, "excluded_lines": 0, "percent_statements_covered": 94.18604651162791, "percent_statements_covered_display": "94"}, "missing_lines": [609, 640, 646, 653, 654, 673, 675, 736, 810, 852], "excluded_lines": [], "start_line": 520}, "compute_breakdown": {"executed_lines": [919, 920, 922, 923, 926, 927, 929, 930, 932, 938, 939, 941, 942], "summary": {"covered_lines": 13, "num_statements": 13, "percent_covered": 100.0, "percent_covered_display": "100", "missing_lines": 0, "excluded_lines": 0, "percent_statements_covered": 100.0, "percent_statements_covered_display": "100"}, "missing_lines": [], "excluded_lines": [], "start_line": 901}, "_update_entity_lifecycle": {"executed_lines": [955, 956, 960, 961, 962, 963, 971, 972, 973], "summary": {"covered_lines": 9, "num_statements": 12, "percent_covered": 75.0, "percent_covered_display": "75", "missing_lines": 3, "excluded_lines": 0, "percent_statements_covered": 75.0, "percent_statements_covered_display": "75"}, "missing_lines": [957, 958, 969], "excluded_lines": [], "start_line": 945}, "_fetch_current_states": {"executed_lines": [977, 979, 980, 981, 982, 983, 984, 985, 986, 987, 988, 990, 993], "summary": {"covered_lines": 13, "num_statements": 15, "percent_covered": 86.66666666666667, "percent_covered_display": "87", "missing_lines": 2, "excluded_lines": 0, "percent_statements_covered": 86.66666666666667, "percent_statements_covered_display": "87"}, "missing_lines": [991, 992], "excluded_lines": [], "start_line": 976}, "_guess_unit": {"executed_lines": [997, 998, 999, 1000, 1001, 1002, 1003, 1004, 1005, 1006, 1007, 1008, 1009, 1010, 1011, 1012], "summary": {"covered_lines": 16, "num_statements": 16, "percent_covered": 100.0, "percent_covered_display": "100", "missing_lines": 0, "excluded_lines": 0, "percent_statements_covered": 100.0, "percent_statements_covered_display": "100"}, "missing_lines": [], "excluded_lines": [], "start_line": 996}, "_fmt": {"executed_lines": [1016], "summary": {"covered_lines": 1, "num_statements": 1, "percent_covered": 100.0, "percent_covered_display": "100", "missing_lines": 0, "excluded_lines": 0, "percent_statements_covered": 100.0, "percent_statements_covered_display": "100"}, "missing_lines": [], "excluded_lines": [], "start_line": 1015}, "_day": {"executed_lines": [1020], "summary": {"covered_lines": 1, "num_statements": 1, "percent_covered": 100.0, "percent_covered_display": "100", "missing_lines": 0, "excluded_lines": 0, "percent_statements_covered": 100.0, "percent_statements_covered_display": "100"}, "missing_lines": [], "excluded_lines": [], "start_line": 1019}, "": {"executed_lines": [3, 4, 5, 6, 7, 9, 10, 12, 14, 15, 16, 17, 18, 19, 22, 23, 24, 25, 27, 28, 29, 31, 32, 35, 38, 47, 53, 59, 64, 223, 250, 269, 295, 387, 442, 498, 520, 901, 945, 976, 996, 1015, 1019], "summary": {"covered_lines": 43, "num_statements": 43, "percent_covered": 100.0, "percent_covered_display": "100", "missing_lines": 0, "excluded_lines": 0, "percent_statements_covered": 100.0, "percent_statements_covered_display": "100"}, "missing_lines": [], "excluded_lines": [], "start_line": 1}}, "classes": {"": {"executed_lines": [3, 4, 5, 6, 7, 9, 10, 12, 14, 15, 16, 17, 18, 19, 22, 23, 24, 25, 27, 28, 29, 31, 32, 35, 38, 47, 49, 50, 53, 55, 56, 59, 61, 64, 91, 94, 95, 96, 98, 99, 100, 101, 102, 103, 105, 106, 107, 109, 110, 112, 113, 114, 115, 116, 117, 118, 119, 120, 121, 122, 131, 132, 133, 134, 135, 136, 141, 142, 143, 152, 153, 154, 155, 156, 157, 158, 159, 160, 161, 162, 163, 164, 165, 166, 178, 179, 180, 181, 182, 183, 185, 186, 187, 192, 202, 203, 204, 205, 206, 207, 208, 217, 218, 220, 223, 234, 235, 236, 237, 238, 239, 240, 242, 243, 245, 246, 247, 250, 263, 264, 265, 266, 269, 283, 284, 285, 286, 287, 288, 289, 290, 291, 292, 295, 316, 317, 318, 319, 320, 321, 322, 323, 326, 327, 328, 332, 333, 334, 335, 337, 338, 339, 342, 343, 345, 346, 347, 348, 350, 351, 352, 353, 354, 361, 364, 365, 366, 367, 368, 370, 375, 378, 379, 380, 382, 383, 384, 387, 401, 402, 405, 406, 408, 409, 412, 413, 414, 416, 419, 427, 428, 429, 430, 432, 439, 442, 459, 460, 463, 464, 465, 466, 469, 470, 471, 472, 473, 474, 476, 477, 478, 479, 481, 482, 483, 484, 485, 493, 494, 495, 498, 507, 508, 509, 510, 511, 512, 513, 514, 515, 517, 520, 540, 541, 543, 544, 546, 547, 548, 551, 552, 553, 557, 558, 561, 562, 565, 566, 567, 570, 571, 572, 575, 576, 577, 578, 579, 580, 581, 589, 599, 601, 602, 603, 604, 607, 608, 612, 613, 617, 618, 620, 621, 622, 623, 624, 625, 626, 627, 628, 629, 637, 639, 641, 642, 645, 648, 649, 650, 651, 652, 659, 660, 661, 671, 672, 674, 678, 679, 680, 681, 682, 683, 687, 688, 689, 690, 691, 694, 695, 701, 703, 710, 711, 714, 717, 718, 725, 726, 727, 728, 729, 730, 731, 733, 735, 737, 738, 740, 741, 742, 746, 747, 748, 749, 754, 759, 760, 762, 763, 765, 766, 767, 768, 771, 786, 789, 790, 792, 797, 802, 804, 806, 808, 809, 813, 814, 815, 817, 818, 820, 822, 824, 826, 828, 829, 830, 831, 834, 835, 837, 838, 843, 848, 849, 851, 854, 855, 856, 857, 860, 880, 881, 882, 883, 884, 885, 886, 888, 889, 891, 892, 893, 898, 901, 919, 920, 922, 923, 926, 927, 929, 930, 932, 938, 939, 941, 942, 945, 955, 956, 960, 961, 962, 963, 971, 972, 973, 976, 977, 979, 980, 981, 982, 983, 984, 985, 986, 987, 988, 990, 993, 996, 997, 998, 999, 1000, 1001, 1002, 1003, 1004, 1005, 1006, 1007, 1008, 1009, 1010, 1011, 1012, 1015, 1016, 1019, 1020], "summary": {"covered_lines": 453, "num_statements": 475, "percent_covered": 95.36842105263158, "percent_covered_display": "95", "missing_lines": 22, "excluded_lines": 0, "percent_statements_covered": 95.36842105263158, "percent_statements_covered_display": "95"}, "missing_lines": [92, 403, 417, 431, 461, 480, 516, 609, 640, 646, 653, 654, 673, 675, 736, 810, 852, 957, 958, 969, 991, 992], "excluded_lines": [], "start_line": 1}}}, "habitus/habitus/appliance_fingerprint.py": {"executed_lines": [23, 24, 25, 26, 27, 28, 29, 31, 33, 35, 36, 37, 40, 70, 72, 75, 81, 82, 86, 87, 89, 90, 91, 94, 96, 97, 112, 113, 119, 120, 121, 122, 123, 124, 128, 132, 133, 134, 135, 138, 141, 142, 143, 152, 155, 161, 166, 167, 169, 203, 206, 211, 212, 214, 215, 216, 220, 223, 224, 225, 227, 231, 232, 233, 235, 239, 242, 243, 248, 254, 255, 256, 258, 259, 260, 262, 263, 264, 265, 267, 268, 269, 271, 272, 273, 274, 275, 276, 283, 286, 292, 293, 356, 367, 370, 371, 373, 395, 398, 399, 401, 413, 414, 415, 416, 422, 425, 465, 467, 468, 469, 518, 520, 521, 526], "summary": {"covered_lines": 115, "num_statements": 244, "percent_covered": 47.131147540983605, "percent_covered_display": "47", "missing_lines": 129, "excluded_lines": 0, "percent_statements_covered": 47.131147540983605, "percent_statements_covered_display": "47"}, "missing_lines": [83, 84, 105, 114, 115, 116, 125, 126, 129, 139, 158, 170, 172, 173, 174, 175, 176, 177, 178, 180, 181, 182, 184, 185, 186, 187, 188, 190, 191, 192, 217, 228, 236, 240, 245, 278, 279, 280, 281, 296, 298, 299, 301, 302, 303, 304, 305, 307, 308, 309, 310, 312, 313, 314, 315, 316, 318, 319, 320, 321, 324, 325, 326, 327, 328, 329, 332, 333, 334, 335, 337, 352, 353, 368, 374, 375, 376, 378, 379, 381, 382, 386, 387, 389, 390, 391, 392, 393, 427, 428, 429, 430, 431, 432, 433, 434, 437, 438, 439, 446, 451, 452, 453, 454, 455, 456, 457, 458, 459, 460, 461, 462, 471, 472, 473, 476, 477, 493, 509, 510, 511, 512, 513, 514, 515, 522, 523, 524, 525], "excluded_lines": [], "functions": {"detect_power_steps": {"executed_lines": [81, 82, 86, 87, 89, 90, 91, 94, 96, 97, 112, 113, 119, 120, 121, 122, 123, 124, 128, 132, 133, 134, 135, 138, 141, 142, 143, 152], "summary": {"covered_lines": 28, "num_statements": 38, "percent_covered": 73.6842105263158, "percent_covered_display": "74", "missing_lines": 10, "excluded_lines": 0, "percent_statements_covered": 73.6842105263158, "percent_statements_covered_display": "74"}, "missing_lines": [83, 84, 105, 114, 115, 116, 125, 126, 129, 139], "excluded_lines": [], "start_line": 75}, "_detect_steps_rest": {"executed_lines": [], "summary": {"covered_lines": 0, "num_statements": 1, "percent_covered": 0.0, "percent_covered_display": "0", "missing_lines": 1, "excluded_lines": 0, "percent_statements_covered": 0.0, "percent_statements_covered_display": "0"}, "missing_lines": [158], "excluded_lines": [], "start_line": 155}, "pair_steps_into_events": {"executed_lines": [166, 167, 169, 203], "summary": {"covered_lines": 4, "num_statements": 23, "percent_covered": 17.391304347826086, "percent_covered_display": "17", "missing_lines": 19, "excluded_lines": 0, "percent_statements_covered": 17.391304347826086, "percent_statements_covered_display": "17"}, "missing_lines": [170, 172, 173, 174, 175, 176, 177, 178, 180, 181, 182, 184, 185, 186, 187, 188, 190, 191, 192], "excluded_lines": [], "start_line": 161}, "detect_power_shape": {"executed_lines": [211, 212, 214, 215, 216, 220, 223, 224, 225, 227, 231, 232, 233, 235, 239, 242, 243], "summary": {"covered_lines": 17, "num_statements": 22, "percent_covered": 77.27272727272727, "percent_covered_display": "77", "missing_lines": 5, "excluded_lines": 0, "percent_statements_covered": 77.27272727272727, "percent_statements_covered_display": "77"}, "missing_lines": [217, 228, 236, 240, 245], "excluded_lines": [], "start_line": 206}, "classify_event": {"executed_lines": [254, 255, 256, 258, 259, 260, 262, 263, 264, 265, 267, 268, 269, 271, 272, 273, 274, 275, 276, 283], "summary": {"covered_lines": 20, "num_statements": 24, "percent_covered": 83.33333333333333, "percent_covered_display": "83", "missing_lines": 4, "excluded_lines": 0, "percent_statements_covered": 83.33333333333333, "percent_statements_covered_display": "83"}, "missing_lines": [278, 279, 280, 281], "excluded_lines": [], "start_line": 248}, "cluster_events": {"executed_lines": [292, 293], "summary": {"covered_lines": 2, "num_statements": 36, "percent_covered": 5.555555555555555, "percent_covered_display": "6", "missing_lines": 34, "excluded_lines": 0, "percent_statements_covered": 5.555555555555555, "percent_statements_covered_display": "6"}, "missing_lines": [296, 298, 299, 301, 302, 303, 304, 305, 307, 308, 309, 310, 312, 313, 314, 315, 316, 318, 319, 320, 321, 324, 325, 326, 327, 328, 329, 332, 333, 334, 335, 337, 352, 353], "excluded_lines": [], "start_line": 286}, "run_fingerprinting": {"executed_lines": [367, 370, 371, 373, 395, 398, 399, 401, 413, 414, 415, 416, 422], "summary": {"covered_lines": 13, "num_statements": 28, "percent_covered": 46.42857142857143, "percent_covered_display": "46", "missing_lines": 15, "excluded_lines": 0, "percent_statements_covered": 46.42857142857143, "percent_statements_covered_display": "46"}, "missing_lines": [368, 374, 375, 376, 378, 379, 381, 382, 386, 387, 389, 390, 391, 392, 393], "excluded_lines": [], "start_line": 356}, "_get_raw_readings": {"executed_lines": [], "summary": {"covered_lines": 0, "num_statements": 24, "percent_covered": 0.0, "percent_covered_display": "0", "missing_lines": 24, "excluded_lines": 0, "percent_statements_covered": 0.0, "percent_statements_covered_display": "0"}, "missing_lines": [427, 428, 429, 430, 431, 432, 433, 434, 437, 438, 439, 446, 451, 452, 453, 454, 455, 456, 457, 458, 459, 460, 461, 462], "excluded_lines": [], "start_line": 425}, "_find_power_entities": {"executed_lines": [467, 468, 469], "summary": {"covered_lines": 3, "num_statements": 16, "percent_covered": 18.75, "percent_covered_display": "19", "missing_lines": 13, "excluded_lines": 0, "percent_statements_covered": 18.75, "percent_statements_covered_display": "19"}, "missing_lines": [471, 472, 473, 476, 477, 493, 509, 510, 511, 512, 513, 514, 515], "excluded_lines": [], "start_line": 465}, "load_fingerprints": {"executed_lines": [520, 521, 526], "summary": {"covered_lines": 3, "num_statements": 7, "percent_covered": 42.857142857142854, "percent_covered_display": "43", "missing_lines": 4, "excluded_lines": 0, "percent_statements_covered": 42.857142857142854, "percent_statements_covered_display": "43"}, "missing_lines": [522, 523, 524, 525], "excluded_lines": [], "start_line": 518}, "": {"executed_lines": [23, 24, 25, 26, 27, 28, 29, 31, 33, 35, 36, 37, 40, 70, 72, 75, 155, 161, 206, 248, 286, 356, 425, 465, 518], "summary": {"covered_lines": 25, "num_statements": 25, "percent_covered": 100.0, "percent_covered_display": "100", "missing_lines": 0, "excluded_lines": 0, "percent_statements_covered": 100.0, "percent_statements_covered_display": "100"}, "missing_lines": [], "excluded_lines": [], "start_line": 1}}, "classes": {"": {"executed_lines": [23, 24, 25, 26, 27, 28, 29, 31, 33, 35, 36, 37, 40, 70, 72, 75, 81, 82, 86, 87, 89, 90, 91, 94, 96, 97, 112, 113, 119, 120, 121, 122, 123, 124, 128, 132, 133, 134, 135, 138, 141, 142, 143, 152, 155, 161, 166, 167, 169, 203, 206, 211, 212, 214, 215, 216, 220, 223, 224, 225, 227, 231, 232, 233, 235, 239, 242, 243, 248, 254, 255, 256, 258, 259, 260, 262, 263, 264, 265, 267, 268, 269, 271, 272, 273, 274, 275, 276, 283, 286, 292, 293, 356, 367, 370, 371, 373, 395, 398, 399, 401, 413, 414, 415, 416, 422, 425, 465, 467, 468, 469, 518, 520, 521, 526], "summary": {"covered_lines": 115, "num_statements": 244, "percent_covered": 47.131147540983605, "percent_covered_display": "47", "missing_lines": 129, "excluded_lines": 0, "percent_statements_covered": 47.131147540983605, "percent_statements_covered_display": "47"}, "missing_lines": [83, 84, 105, 114, 115, 116, 125, 126, 129, 139, 158, 170, 172, 173, 174, 175, 176, 177, 178, 180, 181, 182, 184, 185, 186, 187, 188, 190, 191, 192, 217, 228, 236, 240, 245, 278, 279, 280, 281, 296, 298, 299, 301, 302, 303, 304, 305, 307, 308, 309, 310, 312, 313, 314, 315, 316, 318, 319, 320, 321, 324, 325, 326, 327, 328, 329, 332, 333, 334, 335, 337, 352, 353, 368, 374, 375, 376, 378, 379, 381, 382, 386, 387, 389, 390, 391, 392, 393, 427, 428, 429, 430, 431, 432, 433, 434, 437, 438, 439, 446, 451, 452, 453, 454, 455, 456, 457, 458, 459, 460, 461, 462, 471, 472, 473, 476, 477, 493, 509, 510, 511, 512, 513, 514, 515, 522, 523, 524, 525], "excluded_lines": [], "start_line": 1}}}, "habitus/habitus/automation_builder.py": {"executed_lines": [7, 8, 9, 10, 11, 13, 15, 17, 18, 19, 22, 24, 25, 28, 29, 32, 37, 38, 62, 63, 64, 67, 69, 70, 71, 78, 80, 81, 82, 83, 84, 87, 90, 95, 96, 97, 98, 100, 101, 102, 104, 107, 109, 110, 117, 118, 125, 167, 176, 177, 182, 188, 189, 190, 191, 192, 197, 206, 219, 220, 227, 228, 229, 230, 231, 236, 246, 487, 489, 490, 491, 498, 501, 503, 504, 505, 506, 512, 524, 525, 526, 527, 528, 533, 544, 556, 557, 564, 565, 566, 567, 568, 573], "summary": {"covered_lines": 93, "num_statements": 200, "percent_covered": 46.5, "percent_covered_display": "46", "missing_lines": 107, "excluded_lines": 0, "percent_statements_covered": 46.5, "percent_statements_covered_display": "46"}, "missing_lines": [43, 44, 45, 47, 48, 49, 50, 51, 52, 60, 61, 85, 86, 103, 111, 112, 113, 115, 127, 128, 129, 130, 133, 137, 138, 139, 143, 144, 150, 151, 152, 153, 154, 159, 178, 183, 221, 264, 265, 267, 270, 271, 272, 274, 289, 294, 295, 300, 302, 303, 304, 305, 306, 307, 315, 316, 334, 335, 338, 341, 342, 343, 344, 345, 346, 354, 355, 371, 372, 375, 377, 378, 379, 380, 381, 382, 390, 391, 408, 410, 412, 416, 417, 418, 420, 428, 442, 443, 444, 446, 447, 455, 470, 471, 473, 474, 475, 476, 477, 478, 479, 482, 484, 507, 508, 509, 558], "excluded_lines": [], "functions": {"_ha_headers": {"executed_lines": [24, 25], "summary": {"covered_lines": 2, "num_statements": 2, "percent_covered": 100.0, "percent_covered_display": "100", "missing_lines": 0, "excluded_lines": 0, "percent_statements_covered": 100.0, "percent_statements_covered_display": "100"}, "missing_lines": [], "excluded_lines": [], "start_line": 22}, "_ha_url": {"executed_lines": [29], "summary": {"covered_lines": 1, "num_statements": 1, "percent_covered": 100.0, "percent_covered_display": "100", "missing_lines": 0, "excluded_lines": 0, "percent_statements_covered": 100.0, "percent_statements_covered_display": "100"}, "missing_lines": [], "excluded_lines": [], "start_line": 28}, "fetch_ha_automations": {"executed_lines": [37, 38, 62, 63, 64], "summary": {"covered_lines": 5, "num_statements": 16, "percent_covered": 31.25, "percent_covered_display": "31", "missing_lines": 11, "excluded_lines": 0, "percent_statements_covered": 31.25, "percent_statements_covered_display": "31"}, "missing_lines": [43, 44, 45, 47, 48, 49, 50, 51, 52, 60, 61], "excluded_lines": [], "start_line": 32}, "save_ha_automations": {"executed_lines": [69, 70, 71], "summary": {"covered_lines": 3, "num_statements": 3, "percent_covered": 100.0, "percent_covered_display": "100", "missing_lines": 0, "excluded_lines": 0, "percent_statements_covered": 100.0, "percent_statements_covered_display": "100"}, "missing_lines": [], "excluded_lines": [], "start_line": 67}, "load_ha_automations": {"executed_lines": [80, 81, 82, 83, 84, 87], "summary": {"covered_lines": 6, "num_statements": 8, "percent_covered": 75.0, "percent_covered_display": "75", "missing_lines": 2, "excluded_lines": 0, "percent_statements_covered": 75.0, "percent_statements_covered_display": "75"}, "missing_lines": [85, 86], "excluded_lines": [], "start_line": 78}, "_entities_overlap": {"executed_lines": [95, 96, 97, 98, 100, 101, 102, 104], "summary": {"covered_lines": 8, "num_statements": 9, "percent_covered": 88.88888888888889, "percent_covered_display": "89", "missing_lines": 1, "excluded_lines": 0, "percent_statements_covered": 88.88888888888889, "percent_statements_covered_display": "89"}, "missing_lines": [103], "excluded_lines": [], "start_line": 90}, "build_scene_yaml": {"executed_lines": [109, 110, 117, 118], "summary": {"covered_lines": 4, "num_statements": 8, "percent_covered": 50.0, "percent_covered_display": "50", "missing_lines": 4, "excluded_lines": 0, "percent_statements_covered": 50.0, "percent_statements_covered_display": "50"}, "missing_lines": [111, 112, 113, 115], "excluded_lines": [], "start_line": 107}, "build_scene_automation_yaml": {"executed_lines": [], "summary": {"covered_lines": 0, "num_statements": 16, "percent_covered": 0.0, "percent_covered_display": "0", "missing_lines": 16, "excluded_lines": 0, "percent_statements_covered": 0.0, "percent_statements_covered_display": "0"}, "missing_lines": [127, 128, 129, 130, 133, 137, 138, 139, 143, 144, 150, 151, 152, 153, 154, 159], "excluded_lines": [], "start_line": 125}, "build_time_automation_yaml": {"executed_lines": [176, 177, 182, 188, 189, 190, 191, 192, 197], "summary": {"covered_lines": 9, "num_statements": 11, "percent_covered": 81.81818181818181, "percent_covered_display": "82", "missing_lines": 2, "excluded_lines": 0, "percent_statements_covered": 81.81818181818181, "percent_statements_covered_display": "82"}, "missing_lines": [178, 183], "excluded_lines": [], "start_line": 167}, "build_motion_automation_yaml": {"executed_lines": [219, 220, 227, 228, 229, 230, 231, 236], "summary": {"covered_lines": 8, "num_statements": 9, "percent_covered": 88.88888888888889, "percent_covered_display": "89", "missing_lines": 1, "excluded_lines": 0, "percent_statements_covered": 88.88888888888889, "percent_statements_covered_display": "89"}, "missing_lines": [221], "excluded_lines": [], "start_line": 206}, "generate_smart_suggestions": {"executed_lines": [], "summary": {"covered_lines": 0, "num_statements": 66, "percent_covered": 0.0, "percent_covered_display": "0", "missing_lines": 66, "excluded_lines": 0, "percent_statements_covered": 0.0, "percent_statements_covered_display": "0"}, "missing_lines": [264, 265, 267, 270, 271, 272, 274, 289, 294, 295, 300, 302, 303, 304, 305, 306, 307, 315, 316, 334, 335, 338, 341, 342, 343, 344, 345, 346, 354, 355, 371, 372, 375, 377, 378, 379, 380, 381, 382, 390, 391, 408, 410, 412, 416, 417, 418, 420, 428, 442, 443, 444, 446, 447, 455, 470, 471, 473, 474, 475, 476, 477, 478, 479, 482, 484], "excluded_lines": [], "start_line": 246}, "save_smart_suggestions": {"executed_lines": [489, 490, 491, 498], "summary": {"covered_lines": 4, "num_statements": 4, "percent_covered": 100.0, "percent_covered_display": "100", "missing_lines": 0, "excluded_lines": 0, "percent_statements_covered": 100.0, "percent_statements_covered_display": "100"}, "missing_lines": [], "excluded_lines": [], "start_line": 487}, "load_smart_suggestions": {"executed_lines": [503, 504, 505, 506], "summary": {"covered_lines": 4, "num_statements": 7, "percent_covered": 57.142857142857146, "percent_covered_display": "57", "missing_lines": 3, "excluded_lines": 0, "percent_statements_covered": 57.142857142857146, "percent_statements_covered_display": "57"}, "missing_lines": [507, 508, 509], "excluded_lines": [], "start_line": 501}, "build_presence_automation_yaml": {"executed_lines": [524, 525, 526, 527, 528, 533], "summary": {"covered_lines": 6, "num_statements": 6, "percent_covered": 100.0, "percent_covered_display": "100", "missing_lines": 0, "excluded_lines": 0, "percent_statements_covered": 100.0, "percent_statements_covered_display": "100"}, "missing_lines": [], "excluded_lines": [], "start_line": 512}, "build_door_automation_yaml": {"executed_lines": [556, 557, 564, 565, 566, 567, 568, 573], "summary": {"covered_lines": 8, "num_statements": 9, "percent_covered": 88.88888888888889, "percent_covered_display": "89", "missing_lines": 1, "excluded_lines": 0, "percent_statements_covered": 88.88888888888889, "percent_statements_covered_display": "89"}, "missing_lines": [558], "excluded_lines": [], "start_line": 544}, "": {"executed_lines": [7, 8, 9, 10, 11, 13, 15, 17, 18, 19, 22, 28, 32, 67, 78, 90, 107, 125, 167, 206, 246, 487, 501, 512, 544], "summary": {"covered_lines": 25, "num_statements": 25, "percent_covered": 100.0, "percent_covered_display": "100", "missing_lines": 0, "excluded_lines": 0, "percent_statements_covered": 100.0, "percent_statements_covered_display": "100"}, "missing_lines": [], "excluded_lines": [], "start_line": 1}}, "classes": {"": {"executed_lines": [7, 8, 9, 10, 11, 13, 15, 17, 18, 19, 22, 24, 25, 28, 29, 32, 37, 38, 62, 63, 64, 67, 69, 70, 71, 78, 80, 81, 82, 83, 84, 87, 90, 95, 96, 97, 98, 100, 101, 102, 104, 107, 109, 110, 117, 118, 125, 167, 176, 177, 182, 188, 189, 190, 191, 192, 197, 206, 219, 220, 227, 228, 229, 230, 231, 236, 246, 487, 489, 490, 491, 498, 501, 503, 504, 505, 506, 512, 524, 525, 526, 527, 528, 533, 544, 556, 557, 564, 565, 566, 567, 568, 573], "summary": {"covered_lines": 93, "num_statements": 200, "percent_covered": 46.5, "percent_covered_display": "46", "missing_lines": 107, "excluded_lines": 0, "percent_statements_covered": 46.5, "percent_statements_covered_display": "46"}, "missing_lines": [43, 44, 45, 47, 48, 49, 50, 51, 52, 60, 61, 85, 86, 103, 111, 112, 113, 115, 127, 128, 129, 130, 133, 137, 138, 139, 143, 144, 150, 151, 152, 153, 154, 159, 178, 183, 221, 264, 265, 267, 270, 271, 272, 274, 289, 294, 295, 300, 302, 303, 304, 305, 306, 307, 315, 316, 334, 335, 338, 341, 342, 343, 344, 345, 346, 354, 355, 371, 372, 375, 377, 378, 379, 380, 381, 382, 390, 391, 408, 410, 412, 416, 417, 418, 420, 428, 442, 443, 444, 446, 447, 455, 470, 471, 473, 474, 475, 476, 477, 478, 479, 482, 484, 507, 508, 509, 558], "excluded_lines": [], "start_line": 1}}}, "habitus/habitus/automation_gap.py": {"executed_lines": [4, 5, 6, 7, 8, 10, 12, 13, 14, 19, 92, 94, 95, 96, 97, 98, 99, 100, 101, 103, 107, 109, 110, 111, 112, 113, 115, 116, 117, 118, 119, 122, 124, 125, 126, 127, 139, 140, 145, 151, 152, 153, 154, 155, 156, 168, 169, 172, 173, 175, 176, 178, 179, 184, 187, 188, 193, 197, 199, 201, 215, 271, 287, 289, 290, 291, 292, 293, 294, 295, 296, 297, 298, 299, 302, 303, 304, 305, 306, 307, 310, 312, 313, 314, 315, 318, 319, 320, 322, 323, 327, 329, 332, 333, 335, 338, 339, 340, 342, 345, 346, 347, 352, 357, 365, 367, 368, 369, 370, 371, 372, 373, 374, 375, 377, 378, 379, 380, 381, 382, 383, 385, 386, 387, 388, 390, 391, 392, 393, 395, 396, 397, 398, 400, 405, 406, 407, 408, 410, 415, 416, 417, 418, 420, 421, 422, 424, 425, 426, 429, 430, 431, 433, 434, 435, 437, 440, 442, 443, 444, 446, 447, 448, 449, 451, 453, 472, 473, 478, 479, 591, 614, 626, 628, 629, 634, 635, 636, 641, 642, 643, 645, 646, 649, 652, 654, 661, 662, 663, 665, 666, 668, 669, 670, 671, 673, 674, 675, 679, 687, 693, 694, 695, 697, 699, 701, 702, 703, 708, 710, 712, 713, 715, 718, 719, 720, 722, 723, 724, 725, 733, 734, 736, 743, 754], "summary": {"covered_lines": 225, "num_statements": 357, "percent_covered": 63.02521008403362, "percent_covered_display": "63", "missing_lines": 132, "excluded_lines": 0, "percent_statements_covered": 63.02521008403362, "percent_statements_covered_display": "63"}, "missing_lines": [102, 104, 114, 128, 129, 130, 131, 132, 133, 134, 135, 136, 137, 138, 141, 142, 162, 163, 164, 165, 166, 185, 194, 217, 218, 220, 222, 223, 224, 225, 227, 228, 229, 230, 231, 232, 233, 234, 244, 245, 246, 248, 249, 250, 251, 252, 253, 254, 255, 265, 266, 267, 268, 273, 275, 276, 280, 281, 282, 283, 284, 324, 325, 328, 330, 334, 336, 341, 343, 427, 454, 457, 492, 493, 515, 516, 531, 532, 535, 549, 550, 551, 567, 568, 569, 570, 571, 572, 573, 574, 575, 576, 577, 593, 594, 596, 597, 598, 602, 603, 607, 611, 630, 631, 632, 637, 638, 639, 650, 680, 681, 686, 688, 689, 690, 691, 696, 709, 711, 726, 731, 732, 745, 746, 747, 756, 757, 758, 759, 760, 761, 762], "excluded_lines": [], "functions": {"_match_intent": {"executed_lines": [94, 95, 96, 97, 98, 99, 100, 101, 103], "summary": {"covered_lines": 9, "num_statements": 11, "percent_covered": 81.81818181818181, "percent_covered_display": "82", "missing_lines": 2, "excluded_lines": 0, "percent_statements_covered": 81.81818181818181, "percent_statements_covered_display": "82"}, "missing_lines": [102, 104], "excluded_lines": [], "start_line": 92}, "_extract_entities_from_text": {"executed_lines": [109, 110, 111, 112, 113, 115, 116, 117, 118, 119], "summary": {"covered_lines": 10, "num_statements": 11, "percent_covered": 90.9090909090909, "percent_covered_display": "91", "missing_lines": 1, "excluded_lines": 0, "percent_statements_covered": 90.9090909090909, "percent_statements_covered_display": "91"}, "missing_lines": [114], "excluded_lines": [], "start_line": 107}, "_pick_known_entity": {"executed_lines": [124, 125, 126, 127, 139, 140], "summary": {"covered_lines": 6, "num_statements": 19, "percent_covered": 31.57894736842105, "percent_covered_display": "32", "missing_lines": 13, "excluded_lines": 0, "percent_statements_covered": 31.57894736842105, "percent_statements_covered_display": "32"}, "missing_lines": [128, 129, 130, 131, 132, 133, 134, 135, 136, 137, 138, 141, 142], "excluded_lines": [], "start_line": 122}, "_parse_suggestion": {"executed_lines": [151, 152, 153, 154, 155, 156, 168, 169, 172, 173, 175, 176, 178, 179, 184, 187, 188, 193, 197, 199, 201], "summary": {"covered_lines": 21, "num_statements": 28, "percent_covered": 75.0, "percent_covered_display": "75", "missing_lines": 7, "excluded_lines": 0, "percent_statements_covered": 75.0, "percent_statements_covered_display": "75"}, "missing_lines": [162, 163, 164, 165, 166, 185, 194], "excluded_lines": [], "start_line": 145}, "_fetch_automations": {"executed_lines": [], "summary": {"covered_lines": 0, "num_statements": 27, "percent_covered": 0.0, "percent_covered_display": "0", "missing_lines": 27, "excluded_lines": 0, "percent_statements_covered": 0.0, "percent_statements_covered_display": "0"}, "missing_lines": [217, 218, 220, 222, 227, 228, 229, 230, 231, 232, 233, 234, 244, 245, 246, 248, 249, 250, 251, 252, 253, 254, 255, 265, 266, 267, 268], "excluded_lines": [], "start_line": 215}, "_fetch_automations._get": {"executed_lines": [], "summary": {"covered_lines": 0, "num_statements": 3, "percent_covered": 0.0, "percent_covered_display": "0", "missing_lines": 3, "excluded_lines": 0, "percent_statements_covered": 0.0, "percent_statements_covered_display": "0"}, "missing_lines": [223, 224, 225], "excluded_lines": [], "start_line": 222}, "_fetch_all_states": {"executed_lines": [], "summary": {"covered_lines": 0, "num_statements": 8, "percent_covered": 0.0, "percent_covered_display": "0", "missing_lines": 8, "excluded_lines": 0, "percent_statements_covered": 0.0, "percent_statements_covered_display": "0"}, "missing_lines": [273, 275, 276, 280, 281, 282, 283, 284], "excluded_lines": [], "start_line": 271}, "_extract_entity_refs": {"executed_lines": [289, 290, 291, 292, 293, 294, 295, 296, 297, 298, 299], "summary": {"covered_lines": 11, "num_statements": 11, "percent_covered": 100.0, "percent_covered_display": "100", "missing_lines": 0, "excluded_lines": 0, "percent_statements_covered": 100.0, "percent_statements_covered_display": "100"}, "missing_lines": [], "excluded_lines": [], "start_line": 287}, "_normalize_id": {"executed_lines": [303, 304, 305, 306, 307], "summary": {"covered_lines": 5, "num_statements": 5, "percent_covered": 100.0, "percent_covered_display": "100", "missing_lines": 0, "excluded_lines": 0, "percent_statements_covered": 100.0, "percent_statements_covered_display": "100"}, "missing_lines": [], "excluded_lines": [], "start_line": 302}, "_keyword_overlap": {"executed_lines": [312, 313, 314, 315], "summary": {"covered_lines": 4, "num_statements": 4, "percent_covered": 100.0, "percent_covered_display": "100", "missing_lines": 0, "excluded_lines": 0, "percent_statements_covered": 100.0, "percent_statements_covered_display": "100"}, "missing_lines": [], "excluded_lines": [], "start_line": 310}, "_extract_yaml_semantics": {"executed_lines": [319, 320, 322, 323, 327, 329, 332, 333, 335, 338, 339, 340, 342, 345, 346, 347, 352, 357], "summary": {"covered_lines": 18, "num_statements": 26, "percent_covered": 69.23076923076923, "percent_covered_display": "69", "missing_lines": 8, "excluded_lines": 0, "percent_statements_covered": 69.23076923076923, "percent_statements_covered_display": "69"}, "missing_lines": [324, 325, 328, 330, 334, 336, 341, 343], "excluded_lines": [], "start_line": 318}, "_match_automation": {"executed_lines": [367, 368, 369, 370, 371, 372, 373, 374, 375, 377, 378, 379, 380, 381, 382, 383, 385, 386, 387, 388, 390, 391, 392, 393, 395, 396, 397, 398, 400, 405, 406, 407, 408, 410, 415, 416, 417, 418, 420, 421, 422, 424, 425, 426, 429, 430, 431, 433, 434, 435, 437], "summary": {"covered_lines": 51, "num_statements": 52, "percent_covered": 98.07692307692308, "percent_covered_display": "98", "missing_lines": 1, "excluded_lines": 0, "percent_statements_covered": 98.07692307692308, "percent_statements_covered_display": "98"}, "missing_lines": [427], "excluded_lines": [], "start_line": 365}, "_generate_yaml": {"executed_lines": [442, 443, 444, 446, 447, 448, 449, 451, 453, 472, 473, 478, 479], "summary": {"covered_lines": 13, "num_statements": 36, "percent_covered": 36.111111111111114, "percent_covered_display": "36", "missing_lines": 23, "excluded_lines": 0, "percent_statements_covered": 36.111111111111114, "percent_statements_covered_display": "36"}, "missing_lines": [454, 457, 492, 493, 515, 516, 531, 532, 535, 549, 550, 551, 567, 568, 569, 570, 571, 572, 573, 574, 575, 576, 577], "excluded_lines": [], "start_line": 440}, "_improvement_hint": {"executed_lines": [], "summary": {"covered_lines": 0, "num_statements": 9, "percent_covered": 0.0, "percent_covered_display": "0", "missing_lines": 9, "excluded_lines": 0, "percent_statements_covered": 0.0, "percent_statements_covered_display": "0"}, "missing_lines": [593, 594, 596, 597, 598, 602, 603, 607, 611], "excluded_lines": [], "start_line": 591}, "analyse": {"executed_lines": [626, 628, 629, 634, 635, 636, 641, 642, 643, 645, 646, 649, 652, 654, 661, 662, 663, 665, 666, 668, 669, 670, 671, 673, 674, 675, 679, 687, 693, 694, 695, 697, 699, 701, 702, 703, 708, 710, 712, 713, 715, 718, 719, 720, 722, 723, 724, 725, 733, 734, 736], "summary": {"covered_lines": 51, "num_statements": 71, "percent_covered": 71.83098591549296, "percent_covered_display": "72", "missing_lines": 20, "excluded_lines": 0, "percent_statements_covered": 71.83098591549296, "percent_statements_covered_display": "72"}, "missing_lines": [630, 631, 632, 637, 638, 639, 650, 680, 681, 686, 688, 689, 690, 691, 696, 709, 711, 726, 731, 732], "excluded_lines": [], "start_line": 614}, "save": {"executed_lines": [], "summary": {"covered_lines": 0, "num_statements": 3, "percent_covered": 0.0, "percent_covered_display": "0", "missing_lines": 3, "excluded_lines": 0, "percent_statements_covered": 0.0, "percent_statements_covered_display": "0"}, "missing_lines": [745, 746, 747], "excluded_lines": [], "start_line": 743}, "load": {"executed_lines": [], "summary": {"covered_lines": 0, "num_statements": 7, "percent_covered": 0.0, "percent_covered_display": "0", "missing_lines": 7, "excluded_lines": 0, "percent_statements_covered": 0.0, "percent_statements_covered_display": "0"}, "missing_lines": [756, 757, 758, 759, 760, 761, 762], "excluded_lines": [], "start_line": 754}, "": {"executed_lines": [4, 5, 6, 7, 8, 10, 12, 13, 14, 19, 92, 107, 122, 145, 215, 271, 287, 302, 310, 318, 365, 440, 591, 614, 743, 754], "summary": {"covered_lines": 26, "num_statements": 26, "percent_covered": 100.0, "percent_covered_display": "100", "missing_lines": 0, "excluded_lines": 0, "percent_statements_covered": 100.0, "percent_statements_covered_display": "100"}, "missing_lines": [], "excluded_lines": [], "start_line": 1}}, "classes": {"": {"executed_lines": [4, 5, 6, 7, 8, 10, 12, 13, 14, 19, 92, 94, 95, 96, 97, 98, 99, 100, 101, 103, 107, 109, 110, 111, 112, 113, 115, 116, 117, 118, 119, 122, 124, 125, 126, 127, 139, 140, 145, 151, 152, 153, 154, 155, 156, 168, 169, 172, 173, 175, 176, 178, 179, 184, 187, 188, 193, 197, 199, 201, 215, 271, 287, 289, 290, 291, 292, 293, 294, 295, 296, 297, 298, 299, 302, 303, 304, 305, 306, 307, 310, 312, 313, 314, 315, 318, 319, 320, 322, 323, 327, 329, 332, 333, 335, 338, 339, 340, 342, 345, 346, 347, 352, 357, 365, 367, 368, 369, 370, 371, 372, 373, 374, 375, 377, 378, 379, 380, 381, 382, 383, 385, 386, 387, 388, 390, 391, 392, 393, 395, 396, 397, 398, 400, 405, 406, 407, 408, 410, 415, 416, 417, 418, 420, 421, 422, 424, 425, 426, 429, 430, 431, 433, 434, 435, 437, 440, 442, 443, 444, 446, 447, 448, 449, 451, 453, 472, 473, 478, 479, 591, 614, 626, 628, 629, 634, 635, 636, 641, 642, 643, 645, 646, 649, 652, 654, 661, 662, 663, 665, 666, 668, 669, 670, 671, 673, 674, 675, 679, 687, 693, 694, 695, 697, 699, 701, 702, 703, 708, 710, 712, 713, 715, 718, 719, 720, 722, 723, 724, 725, 733, 734, 736, 743, 754], "summary": {"covered_lines": 225, "num_statements": 357, "percent_covered": 63.02521008403362, "percent_covered_display": "63", "missing_lines": 132, "excluded_lines": 0, "percent_statements_covered": 63.02521008403362, "percent_statements_covered_display": "63"}, "missing_lines": [102, 104, 114, 128, 129, 130, 131, 132, 133, 134, 135, 136, 137, 138, 141, 142, 162, 163, 164, 165, 166, 185, 194, 217, 218, 220, 222, 223, 224, 225, 227, 228, 229, 230, 231, 232, 233, 234, 244, 245, 246, 248, 249, 250, 251, 252, 253, 254, 255, 265, 266, 267, 268, 273, 275, 276, 280, 281, 282, 283, 284, 324, 325, 328, 330, 334, 336, 341, 343, 427, 454, 457, 492, 493, 515, 516, 531, 532, 535, 549, 550, 551, 567, 568, 569, 570, 571, 572, 573, 574, 575, 576, 577, 593, 594, 596, 597, 598, 602, 603, 607, 611, 630, 631, 632, 637, 638, 639, 650, 680, 681, 686, 688, 689, 690, 691, 696, 709, 711, 726, 731, 732, 745, 746, 747, 756, 757, 758, 759, 760, 761, 762], "excluded_lines": [], "start_line": 1}}}, "habitus/habitus/automation_health.py": {"executed_lines": [10, 12, 13, 14, 15, 16, 18, 20, 21, 24, 27, 28, 30, 31, 33, 34, 35, 38, 39, 42, 57, 59, 60, 61, 62, 63, 64, 65, 70, 71, 72, 75, 89, 91, 92, 93, 94, 95, 96, 97, 98, 99, 100, 103, 106, 113, 114, 116, 117, 118, 120, 121, 122, 123, 124, 125, 126, 130, 133, 134, 135, 137, 138, 139, 140, 141, 144, 145, 146, 147, 148, 149, 150, 151, 152, 153, 154, 155, 156, 157, 158, 160, 161, 163, 175, 188, 191, 194, 196, 197, 198, 199, 202, 203, 205, 206, 207, 211, 213, 214, 217, 218, 219, 221, 227, 230, 232, 233, 234, 241, 243, 244, 245, 246, 249], "summary": {"covered_lines": 115, "num_statements": 148, "percent_covered": 77.70270270270271, "percent_covered_display": "78", "missing_lines": 33, "excluded_lines": 0, "percent_statements_covered": 77.70270270270271, "percent_statements_covered_display": "78"}, "missing_lines": [25, 44, 45, 46, 47, 52, 53, 54, 66, 67, 68, 69, 77, 78, 79, 80, 81, 82, 83, 84, 85, 86, 101, 102, 127, 128, 136, 189, 192, 208, 209, 247, 248], "excluded_lines": [], "functions": {"_get_data_dir": {"executed_lines": [], "summary": {"covered_lines": 0, "num_statements": 1, "percent_covered": 0.0, "percent_covered_display": "0", "missing_lines": 1, "excluded_lines": 0, "percent_statements_covered": 0.0, "percent_statements_covered_display": "0"}, "missing_lines": [25], "excluded_lines": [], "start_line": 24}, "_ha_headers": {"executed_lines": [39], "summary": {"covered_lines": 1, "num_statements": 1, "percent_covered": 100.0, "percent_covered_display": "100", "missing_lines": 0, "excluded_lines": 0, "percent_statements_covered": 100.0, "percent_statements_covered_display": "100"}, "missing_lines": [], "excluded_lines": [], "start_line": 38}, "_fetch_automation_states": {"executed_lines": [], "summary": {"covered_lines": 0, "num_statements": 7, "percent_covered": 0.0, "percent_covered_display": "0", "missing_lines": 7, "excluded_lines": 0, "percent_statements_covered": 0.0, "percent_statements_covered_display": "0"}, "missing_lines": [44, 45, 46, 47, 52, 53, 54], "excluded_lines": [], "start_line": 42}, "_fetch_automation_history": {"executed_lines": [59, 60, 61, 62, 63, 64, 65, 70, 71, 72], "summary": {"covered_lines": 10, "num_statements": 14, "percent_covered": 71.42857142857143, "percent_covered_display": "71", "missing_lines": 4, "excluded_lines": 0, "percent_statements_covered": 71.42857142857143, "percent_statements_covered_display": "71"}, "missing_lines": [66, 67, 68, 69], "excluded_lines": [], "start_line": 57}, "_load_ha_automations": {"executed_lines": [], "summary": {"covered_lines": 0, "num_statements": 10, "percent_covered": 0.0, "percent_covered_display": "0", "missing_lines": 10, "excluded_lines": 0, "percent_statements_covered": 0.0, "percent_statements_covered_display": "0"}, "missing_lines": [77, 78, 79, 80, 81, 82, 83, 84, 85, 86], "excluded_lines": [], "start_line": 75}, "_count_triggers_7d": {"executed_lines": [91, 92, 93, 94, 95, 96, 97, 98, 99, 100, 103], "summary": {"covered_lines": 11, "num_statements": 13, "percent_covered": 84.61538461538461, "percent_covered_display": "85", "missing_lines": 2, "excluded_lines": 0, "percent_statements_covered": 84.61538461538461, "percent_statements_covered_display": "85"}, "missing_lines": [101, 102], "excluded_lines": [], "start_line": 89}, "classify_automation": {"executed_lines": [113, 114, 116, 117, 118, 120, 121, 122, 123, 124, 125, 126, 130, 133, 134, 135, 137, 138, 139, 140, 141, 144, 145, 146, 147, 148, 149, 150, 151, 152, 153, 154, 155, 156, 157, 158, 160, 161, 163], "summary": {"covered_lines": 39, "num_statements": 42, "percent_covered": 92.85714285714286, "percent_covered_display": "93", "missing_lines": 3, "excluded_lines": 0, "percent_statements_covered": 92.85714285714286, "percent_statements_covered_display": "93"}, "missing_lines": [127, 128, 136], "excluded_lines": [], "start_line": 106}, "run_health_check": {"executed_lines": [188, 191, 194, 196, 197, 198, 199, 202, 203, 205, 206, 207, 211, 213, 214, 217, 218, 219, 221, 227], "summary": {"covered_lines": 20, "num_statements": 24, "percent_covered": 83.33333333333333, "percent_covered_display": "83", "missing_lines": 4, "excluded_lines": 0, "percent_statements_covered": 83.33333333333333, "percent_statements_covered_display": "83"}, "missing_lines": [189, 192, 208, 209], "excluded_lines": [], "start_line": 175}, "save_health": {"executed_lines": [232, 233, 234], "summary": {"covered_lines": 3, "num_statements": 3, "percent_covered": 100.0, "percent_covered_display": "100", "missing_lines": 0, "excluded_lines": 0, "percent_statements_covered": 100.0, "percent_statements_covered_display": "100"}, "missing_lines": [], "excluded_lines": [], "start_line": 230}, "load_health": {"executed_lines": [243, 244, 245, 246, 249], "summary": {"covered_lines": 5, "num_statements": 7, "percent_covered": 71.42857142857143, "percent_covered_display": "71", "missing_lines": 2, "excluded_lines": 0, "percent_statements_covered": 71.42857142857143, "percent_statements_covered_display": "71"}, "missing_lines": [247, 248], "excluded_lines": [], "start_line": 241}, "": {"executed_lines": [10, 12, 13, 14, 15, 16, 18, 20, 21, 24, 27, 28, 30, 31, 33, 34, 35, 38, 42, 57, 75, 89, 106, 175, 230, 241], "summary": {"covered_lines": 26, "num_statements": 26, "percent_covered": 100.0, "percent_covered_display": "100", "missing_lines": 0, "excluded_lines": 0, "percent_statements_covered": 100.0, "percent_statements_covered_display": "100"}, "missing_lines": [], "excluded_lines": [], "start_line": 1}}, "classes": {"": {"executed_lines": [10, 12, 13, 14, 15, 16, 18, 20, 21, 24, 27, 28, 30, 31, 33, 34, 35, 38, 39, 42, 57, 59, 60, 61, 62, 63, 64, 65, 70, 71, 72, 75, 89, 91, 92, 93, 94, 95, 96, 97, 98, 99, 100, 103, 106, 113, 114, 116, 117, 118, 120, 121, 122, 123, 124, 125, 126, 130, 133, 134, 135, 137, 138, 139, 140, 141, 144, 145, 146, 147, 148, 149, 150, 151, 152, 153, 154, 155, 156, 157, 158, 160, 161, 163, 175, 188, 191, 194, 196, 197, 198, 199, 202, 203, 205, 206, 207, 211, 213, 214, 217, 218, 219, 221, 227, 230, 232, 233, 234, 241, 243, 244, 245, 246, 249], "summary": {"covered_lines": 115, "num_statements": 148, "percent_covered": 77.70270270270271, "percent_covered_display": "78", "missing_lines": 33, "excluded_lines": 0, "percent_statements_covered": 77.70270270270271, "percent_statements_covered_display": "78"}, "missing_lines": [25, 44, 45, 46, 47, 52, 53, 54, 66, 67, 68, 69, 77, 78, 79, 80, 81, 82, 83, 84, 85, 86, 101, 102, 127, 128, 136, 189, 192, 208, 209, 247, 248], "excluded_lines": [], "start_line": 1}}}, "habitus/habitus/automation_score.py": {"executed_lines": [3, 4, 5, 6, 7, 9, 11, 12, 13, 16, 18, 21, 31, 32, 33, 35, 36, 38, 157, 158, 159, 162, 178, 188, 198, 200, 201, 202, 205, 207, 208, 209, 210, 211, 212], "summary": {"covered_lines": 35, "num_statements": 109, "percent_covered": 32.11009174311926, "percent_covered_display": "32", "missing_lines": 74, "excluded_lines": 0, "percent_statements_covered": 32.11009174311926, "percent_statements_covered_display": "32"}, "missing_lines": [41, 42, 43, 44, 46, 47, 48, 50, 51, 54, 55, 56, 58, 59, 60, 64, 66, 75, 76, 77, 80, 87, 88, 91, 92, 94, 105, 108, 109, 110, 111, 112, 114, 115, 116, 125, 126, 127, 129, 130, 131, 132, 133, 134, 136, 137, 139, 150, 151, 152, 154, 155, 164, 165, 168, 169, 170, 171, 172, 173, 175, 180, 181, 182, 184, 185, 190, 191, 192, 193, 194, 195, 213, 214], "excluded_lines": [], "functions": {"score_all": {"executed_lines": [31, 32, 33, 35, 36, 38, 157, 158, 159], "summary": {"covered_lines": 9, "num_statements": 61, "percent_covered": 14.754098360655737, "percent_covered_display": "15", "missing_lines": 52, "excluded_lines": 0, "percent_statements_covered": 14.754098360655737, "percent_statements_covered_display": "15"}, "missing_lines": [41, 42, 43, 44, 46, 47, 48, 50, 51, 54, 55, 56, 58, 59, 60, 64, 66, 75, 76, 77, 80, 87, 88, 91, 92, 94, 105, 108, 109, 110, 111, 112, 114, 115, 116, 125, 126, 127, 129, 130, 131, 132, 133, 134, 136, 137, 139, 150, 151, 152, 154, 155], "excluded_lines": [], "start_line": 21}, "_extract_target_entities": {"executed_lines": [], "summary": {"covered_lines": 0, "num_statements": 9, "percent_covered": 0.0, "percent_covered_display": "0", "missing_lines": 9, "excluded_lines": 0, "percent_statements_covered": 0.0, "percent_statements_covered_display": "0"}, "missing_lines": [164, 165, 168, 169, 170, 171, 172, 173, 175], "excluded_lines": [], "start_line": 162}, "_is_manual_change": {"executed_lines": [], "summary": {"covered_lines": 0, "num_statements": 5, "percent_covered": 0.0, "percent_covered_display": "0", "missing_lines": 5, "excluded_lines": 0, "percent_statements_covered": 0.0, "percent_statements_covered_display": "0"}, "missing_lines": [180, 181, 182, 184, 185], "excluded_lines": [], "start_line": 178}, "_add_seconds": {"executed_lines": [], "summary": {"covered_lines": 0, "num_statements": 6, "percent_covered": 0.0, "percent_covered_display": "0", "missing_lines": 6, "excluded_lines": 0, "percent_statements_covered": 0.0, "percent_statements_covered_display": "0"}, "missing_lines": [190, 191, 192, 193, 194, 195], "excluded_lines": [], "start_line": 188}, "save": {"executed_lines": [200, 201, 202], "summary": {"covered_lines": 3, "num_statements": 3, "percent_covered": 100.0, "percent_covered_display": "100", "missing_lines": 0, "excluded_lines": 0, "percent_statements_covered": 100.0, "percent_statements_covered_display": "100"}, "missing_lines": [], "excluded_lines": [], "start_line": 198}, "load": {"executed_lines": [207, 208, 209, 210, 211, 212], "summary": {"covered_lines": 6, "num_statements": 8, "percent_covered": 75.0, "percent_covered_display": "75", "missing_lines": 2, "excluded_lines": 0, "percent_statements_covered": 75.0, "percent_statements_covered_display": "75"}, "missing_lines": [213, 214], "excluded_lines": [], "start_line": 205}, "": {"executed_lines": [3, 4, 5, 6, 7, 9, 11, 12, 13, 16, 18, 21, 162, 178, 188, 198, 205], "summary": {"covered_lines": 17, "num_statements": 17, "percent_covered": 100.0, "percent_covered_display": "100", "missing_lines": 0, "excluded_lines": 0, "percent_statements_covered": 100.0, "percent_statements_covered_display": "100"}, "missing_lines": [], "excluded_lines": [], "start_line": 1}}, "classes": {"": {"executed_lines": [3, 4, 5, 6, 7, 9, 11, 12, 13, 16, 18, 21, 31, 32, 33, 35, 36, 38, 157, 158, 159, 162, 178, 188, 198, 200, 201, 202, 205, 207, 208, 209, 210, 211, 212], "summary": {"covered_lines": 35, "num_statements": 109, "percent_covered": 32.11009174311926, "percent_covered_display": "32", "missing_lines": 74, "excluded_lines": 0, "percent_statements_covered": 32.11009174311926, "percent_statements_covered_display": "32"}, "missing_lines": [41, 42, 43, 44, 46, 47, 48, 50, 51, 54, 55, 56, 58, 59, 60, 64, 66, 75, 76, 77, 80, 87, 88, 91, 92, 94, 105, 108, 109, 110, 111, 112, 114, 115, 116, 125, 126, 127, 129, 130, 131, 132, 133, 134, 136, 137, 139, 150, 151, 152, 154, 155, 164, 165, 168, 169, 170, 171, 172, 173, 175, 180, 181, 182, 184, 185, 190, 191, 192, 193, 194, 195, 213, 214], "excluded_lines": [], "start_line": 1}}}, "habitus/habitus/battery_watchdog.py": {"executed_lines": [8, 10, 11, 12, 13, 14, 16, 18, 19, 22, 25, 27, 28, 31, 32, 35, 38, 42, 46, 57, 58, 59, 60, 61, 62, 64, 71, 72, 74, 77, 98, 103, 105, 106, 107, 108, 109, 110, 111, 112, 113, 115, 116, 118, 121, 122, 124, 125, 128, 129, 131, 134, 136, 137, 138, 139, 140, 143, 145, 146, 150, 151, 166, 167, 170, 173, 186, 188, 189, 191, 192, 193, 194, 195, 197, 198, 202, 205, 206, 209, 210, 212, 216, 218, 222, 233, 236, 237, 238, 241, 242, 245, 251, 258, 261, 263, 264, 265, 274, 276, 277, 278, 279, 282], "summary": {"covered_lines": 104, "num_statements": 140, "percent_covered": 74.28571428571429, "percent_covered_display": "74", "missing_lines": 36, "excluded_lines": 0, "percent_statements_covered": 74.28571428571429, "percent_statements_covered_display": "74"}, "missing_lines": [23, 39, 47, 48, 49, 50, 52, 53, 54, 55, 79, 80, 81, 82, 83, 84, 88, 89, 90, 91, 92, 93, 94, 95, 126, 147, 168, 199, 200, 203, 213, 214, 217, 220, 280, 281], "excluded_lines": [], "functions": {"_get_data_dir": {"executed_lines": [], "summary": {"covered_lines": 0, "num_statements": 1, "percent_covered": 0.0, "percent_covered_display": "0", "missing_lines": 1, "excluded_lines": 0, "percent_statements_covered": 0.0, "percent_statements_covered_display": "0"}, "missing_lines": [23], "excluded_lines": [], "start_line": 22}, "_ha_headers": {"executed_lines": [], "summary": {"covered_lines": 0, "num_statements": 1, "percent_covered": 0.0, "percent_covered_display": "0", "missing_lines": 1, "excluded_lines": 0, "percent_statements_covered": 0.0, "percent_statements_covered_display": "0"}, "missing_lines": [39], "excluded_lines": [], "start_line": 38}, "_fetch_battery_entities": {"executed_lines": [46, 57, 58, 59, 60, 61, 62, 64, 71, 72, 74], "summary": {"covered_lines": 11, "num_statements": 19, "percent_covered": 57.89473684210526, "percent_covered_display": "58", "missing_lines": 8, "excluded_lines": 0, "percent_statements_covered": 57.89473684210526, "percent_statements_covered_display": "58"}, "missing_lines": [47, 48, 49, 50, 52, 53, 54, 55], "excluded_lines": [], "start_line": 42}, "_fetch_battery_history": {"executed_lines": [], "summary": {"covered_lines": 0, "num_statements": 14, "percent_covered": 0.0, "percent_covered_display": "0", "missing_lines": 14, "excluded_lines": 0, "percent_statements_covered": 0.0, "percent_statements_covered_display": "0"}, "missing_lines": [79, 80, 81, 82, 83, 84, 88, 89, 90, 91, 92, 93, 94, 95], "excluded_lines": [], "start_line": 77}, "_compute_drain_rate": {"executed_lines": [103, 105, 106, 107, 108, 109, 110, 111, 112, 113, 115, 116, 118, 121, 122, 124, 125, 128, 129, 131], "summary": {"covered_lines": 20, "num_statements": 21, "percent_covered": 95.23809523809524, "percent_covered_display": "95", "missing_lines": 1, "excluded_lines": 0, "percent_statements_covered": 95.23809523809524, "percent_statements_covered_display": "95"}, "missing_lines": [126], "excluded_lines": [], "start_line": 98}, "classify_battery": {"executed_lines": [136, 137, 138, 139, 140], "summary": {"covered_lines": 5, "num_statements": 5, "percent_covered": 100.0, "percent_covered_display": "100", "missing_lines": 0, "excluded_lines": 0, "percent_statements_covered": 100.0, "percent_statements_covered_display": "100"}, "missing_lines": [], "excluded_lines": [], "start_line": 134}, "_infer_area": {"executed_lines": [145, 146, 150, 151, 166, 167, 170], "summary": {"covered_lines": 7, "num_statements": 9, "percent_covered": 77.77777777777777, "percent_covered_display": "78", "missing_lines": 2, "excluded_lines": 0, "percent_statements_covered": 77.77777777777777, "percent_statements_covered_display": "78"}, "missing_lines": [147, 168], "excluded_lines": [], "start_line": 143}, "run_battery_check": {"executed_lines": [186, 188, 189, 191, 192, 193, 194, 195, 197, 198, 202, 205, 206, 209, 210, 212, 216, 218, 222, 233, 236, 237, 238, 241, 242, 245, 251, 258], "summary": {"covered_lines": 28, "num_statements": 35, "percent_covered": 80.0, "percent_covered_display": "80", "missing_lines": 7, "excluded_lines": 0, "percent_statements_covered": 80.0, "percent_statements_covered_display": "80"}, "missing_lines": [199, 200, 203, 213, 214, 217, 220], "excluded_lines": [], "start_line": 173}, "save_battery_status": {"executed_lines": [263, 264, 265], "summary": {"covered_lines": 3, "num_statements": 3, "percent_covered": 100.0, "percent_covered_display": "100", "missing_lines": 0, "excluded_lines": 0, "percent_statements_covered": 100.0, "percent_statements_covered_display": "100"}, "missing_lines": [], "excluded_lines": [], "start_line": 261}, "load_battery_status": {"executed_lines": [276, 277, 278, 279, 282], "summary": {"covered_lines": 5, "num_statements": 7, "percent_covered": 71.42857142857143, "percent_covered_display": "71", "missing_lines": 2, "excluded_lines": 0, "percent_statements_covered": 71.42857142857143, "percent_statements_covered_display": "71"}, "missing_lines": [280, 281], "excluded_lines": [], "start_line": 274}, "": {"executed_lines": [8, 10, 11, 12, 13, 14, 16, 18, 19, 22, 25, 27, 28, 31, 32, 35, 38, 42, 77, 98, 134, 143, 173, 261, 274], "summary": {"covered_lines": 25, "num_statements": 25, "percent_covered": 100.0, "percent_covered_display": "100", "missing_lines": 0, "excluded_lines": 0, "percent_statements_covered": 100.0, "percent_statements_covered_display": "100"}, "missing_lines": [], "excluded_lines": [], "start_line": 1}}, "classes": {"": {"executed_lines": [8, 10, 11, 12, 13, 14, 16, 18, 19, 22, 25, 27, 28, 31, 32, 35, 38, 42, 46, 57, 58, 59, 60, 61, 62, 64, 71, 72, 74, 77, 98, 103, 105, 106, 107, 108, 109, 110, 111, 112, 113, 115, 116, 118, 121, 122, 124, 125, 128, 129, 131, 134, 136, 137, 138, 139, 140, 143, 145, 146, 150, 151, 166, 167, 170, 173, 186, 188, 189, 191, 192, 193, 194, 195, 197, 198, 202, 205, 206, 209, 210, 212, 216, 218, 222, 233, 236, 237, 238, 241, 242, 245, 251, 258, 261, 263, 264, 265, 274, 276, 277, 278, 279, 282], "summary": {"covered_lines": 104, "num_statements": 140, "percent_covered": 74.28571428571429, "percent_covered_display": "74", "missing_lines": 36, "excluded_lines": 0, "percent_statements_covered": 74.28571428571429, "percent_statements_covered_display": "74"}, "missing_lines": [23, 39, 47, 48, 49, 50, 52, 53, 54, 55, 79, 80, 81, 82, 83, 84, 88, 89, 90, 91, 92, 93, 94, 95, 126, 147, 168, 199, 200, 203, 213, 214, 217, 220, 280, 281], "excluded_lines": [], "start_line": 1}}}, "habitus/habitus/changelog.py": {"executed_lines": [7, 9, 10, 11, 12, 13, 15, 16, 19, 22, 23, 24, 26, 29, 30, 31, 32, 33, 34, 37, 47, 49, 50, 51, 52, 53, 56, 59, 62, 63, 64, 65, 68, 70, 73, 75, 76, 82, 85, 98, 99, 101, 102, 105, 106, 107, 117, 118, 119, 129, 130, 131, 132, 133, 134, 143, 146, 148, 149, 150, 151, 152, 153, 156, 158, 160, 161, 162, 163, 164, 165, 166, 167, 170, 172, 182, 184, 194, 196, 207, 213, 214, 217, 218, 219, 220, 221, 226, 227, 234, 236, 237, 240, 241, 243, 246, 255, 256, 257, 258, 259], "summary": {"covered_lines": 101, "num_statements": 112, "percent_covered": 90.17857142857143, "percent_covered_display": "90", "missing_lines": 11, "excluded_lines": 0, "percent_statements_covered": 90.17857142857143, "percent_statements_covered_display": "90"}, "missing_lines": [20, 54, 55, 159, 222, 223, 228, 229, 230, 231, 232], "excluded_lines": [], "functions": {"_get_data_dir": {"executed_lines": [], "summary": {"covered_lines": 0, "num_statements": 1, "percent_covered": 0.0, "percent_covered_display": "0", "missing_lines": 1, "excluded_lines": 0, "percent_statements_covered": 0.0, "percent_statements_covered_display": "0"}, "missing_lines": [20], "excluded_lines": [], "start_line": 19}, "_load_changelog": {"executed_lines": [49, 50, 51, 52, 53, 56], "summary": {"covered_lines": 6, "num_statements": 8, "percent_covered": 75.0, "percent_covered_display": "75", "missing_lines": 2, "excluded_lines": 0, "percent_statements_covered": 75.0, "percent_statements_covered_display": "75"}, "missing_lines": [54, 55], "excluded_lines": [], "start_line": 47}, "_save_changelog": {"executed_lines": [62, 63, 64, 65], "summary": {"covered_lines": 4, "num_statements": 4, "percent_covered": 100.0, "percent_covered_display": "100", "missing_lines": 0, "excluded_lines": 0, "percent_statements_covered": 100.0, "percent_statements_covered_display": "100"}, "missing_lines": [], "excluded_lines": [], "start_line": 59}, "_automation_key": {"executed_lines": [70], "summary": {"covered_lines": 1, "num_statements": 1, "percent_covered": 100.0, "percent_covered_display": "100", "missing_lines": 0, "excluded_lines": 0, "percent_statements_covered": 100.0, "percent_statements_covered_display": "100"}, "missing_lines": [], "excluded_lines": [], "start_line": 68}, "_automation_signature": {"executed_lines": [75, 76, 82], "summary": {"covered_lines": 3, "num_statements": 3, "percent_covered": 100.0, "percent_covered_display": "100", "missing_lines": 0, "excluded_lines": 0, "percent_statements_covered": 100.0, "percent_statements_covered_display": "100"}, "missing_lines": [], "excluded_lines": [], "start_line": 73}, "diff_automations": {"executed_lines": [98, 99, 101, 102, 105, 106, 107, 117, 118, 119, 129, 130, 131, 132, 133, 134, 143], "summary": {"covered_lines": 17, "num_statements": 17, "percent_covered": 100.0, "percent_covered_display": "100", "missing_lines": 0, "excluded_lines": 0, "percent_statements_covered": 100.0, "percent_statements_covered_display": "100"}, "missing_lines": [], "excluded_lines": [], "start_line": 85}, "append_entry": {"executed_lines": [148, 149, 150, 151, 152, 153], "summary": {"covered_lines": 6, "num_statements": 6, "percent_covered": 100.0, "percent_covered_display": "100", "missing_lines": 0, "excluded_lines": 0, "percent_statements_covered": 100.0, "percent_statements_covered_display": "100"}, "missing_lines": [], "excluded_lines": [], "start_line": 146}, "append_entries": {"executed_lines": [158, 160, 161, 162, 163, 164, 165, 166, 167], "summary": {"covered_lines": 9, "num_statements": 10, "percent_covered": 90.0, "percent_covered_display": "90", "missing_lines": 1, "excluded_lines": 0, "percent_statements_covered": 90.0, "percent_statements_covered_display": "90"}, "missing_lines": [159], "excluded_lines": [], "start_line": 156}, "log_habitus_add": {"executed_lines": [172], "summary": {"covered_lines": 1, "num_statements": 1, "percent_covered": 100.0, "percent_covered_display": "100", "missing_lines": 0, "excluded_lines": 0, "percent_statements_covered": 100.0, "percent_statements_covered_display": "100"}, "missing_lines": [], "excluded_lines": [], "start_line": 170}, "log_habitus_remove": {"executed_lines": [184], "summary": {"covered_lines": 1, "num_statements": 1, "percent_covered": 100.0, "percent_covered_display": "100", "missing_lines": 0, "excluded_lines": 0, "percent_statements_covered": 100.0, "percent_statements_covered_display": "100"}, "missing_lines": [], "excluded_lines": [], "start_line": 182}, "log_triggered": {"executed_lines": [196], "summary": {"covered_lines": 1, "num_statements": 1, "percent_covered": 100.0, "percent_covered_display": "100", "missing_lines": 0, "excluded_lines": 0, "percent_statements_covered": 100.0, "percent_statements_covered_display": "100"}, "missing_lines": [], "excluded_lines": [], "start_line": 194}, "run_diff_and_log": {"executed_lines": [213, 214, 217, 218, 219, 220, 221, 226, 227, 234, 236, 237, 240, 241, 243], "summary": {"covered_lines": 15, "num_statements": 22, "percent_covered": 68.18181818181819, "percent_covered_display": "68", "missing_lines": 7, "excluded_lines": 0, "percent_statements_covered": 68.18181818181819, "percent_statements_covered_display": "68"}, "missing_lines": [222, 223, 228, 229, 230, 231, 232], "excluded_lines": [], "start_line": 207}, "load_changelog": {"executed_lines": [255, 256, 257, 258, 259], "summary": {"covered_lines": 5, "num_statements": 5, "percent_covered": 100.0, "percent_covered_display": "100", "missing_lines": 0, "excluded_lines": 0, "percent_statements_covered": 100.0, "percent_statements_covered_display": "100"}, "missing_lines": [], "excluded_lines": [], "start_line": 246}, "": {"executed_lines": [7, 9, 10, 11, 12, 13, 15, 16, 19, 22, 23, 24, 26, 29, 30, 31, 32, 33, 34, 37, 47, 59, 68, 73, 85, 146, 156, 170, 182, 194, 207, 246], "summary": {"covered_lines": 32, "num_statements": 32, "percent_covered": 100.0, "percent_c
[...]
nt_covered_display": "92", "missing_lines": 10, "excluded_lines": 0, "percent_statements_covered": 91.80327868852459, "percent_statements_covered_display": "92"}, "missing_lines": [28, 127, 148, 152, 153, 154, 155, 156, 157, 158], "excluded_lines": [], "start_line": 1}}}, "habitus/habitus/seasonal_adapter.py": {"executed_lines": [7, 9, 10, 11, 12, 13, 15, 16, 19, 22, 23, 25, 28, 38, 39, 41, 43, 45, 46, 47, 49, 50, 55, 56, 57, 58, 59, 60, 62, 65, 67, 70, 99, 125, 145, 148, 150, 153, 179, 202, 226, 229, 231, 284, 286, 340, 355, 356, 357, 358, 360, 362, 369, 371, 380, 386, 387, 389, 390, 392, 393, 396, 398, 399, 404], "summary": {"covered_lines": 65, "num_statements": 72, "percent_covered": 90.27777777777777, "percent_covered_display": "90", "missing_lines": 7, "excluded_lines": 0, "percent_statements_covered": 90.27777777777777, "percent_statements_covered_display": "90"}, "missing_lines": [20, 48, 52, 400, 401, 402, 403], "excluded_lines": [], "functions": {"_get_data_dir": {"executed_lines": [], "summary": {"covered_lines": 0, "num_statements": 1, "percent_covered": 0.0, "percent_covered_display": "0", "missing_lines": 1, "excluded_lines": 0, "percent_statements_covered": 0.0, "percent_statements_covered_display": "0"}, "missing_lines": [20], "excluded_lines": [], "start_line": 19}, "get_current_season": {"executed_lines": [38, 39, 41, 43, 45, 46, 47, 49, 50, 55, 56, 57, 58, 59, 60, 62], "summary": {"covered_lines": 16, "num_statements": 18, "percent_covered": 88.88888888888889, "percent_covered_display": "89", "missing_lines": 2, "excluded_lines": 0, "percent_statements_covered": 88.88888888888889, "percent_statements_covered_display": "89"}, "missing_lines": [48, 52], "excluded_lines": [], "start_line": 28}, "_generate_winter_suggestions": {"executed_lines": [67, 70, 99, 125, 145], "summary": {"covered_lines": 5, "num_statements": 5, "percent_covered": 100.0, "percent_covered_display": "100", "missing_lines": 0, "excluded_lines": 0, "percent_statements_covered": 100.0, "percent_statements_covered_display": "100"}, "missing_lines": [], "excluded_lines": [], "start_line": 65}, "_generate_summer_suggestions": {"executed_lines": [150, 153, 179, 202, 226], "summary": {"covered_lines": 5, "num_statements": 5, "percent_covered": 100.0, "percent_covered_display": "100", "missing_lines": 0, "excluded_lines": 0, "percent_statements_covered": 100.0, "percent_statements_covered_display": "100"}, "missing_lines": [], "excluded_lines": [], "start_line": 148}, "_generate_spring_suggestions": {"executed_lines": [231], "summary": {"covered_lines": 1, "num_statements": 1, "percent_covered": 100.0, "percent_covered_display": "100", "missing_lines": 0, "excluded_lines": 0, "percent_statements_covered": 100.0, "percent_statements_covered_display": "100"}, "missing_lines": [], "excluded_lines": [], "start_line": 229}, "_generate_autumn_suggestions": {"executed_lines": [286], "summary": {"covered_lines": 1, "num_statements": 1, "percent_covered": 100.0, "percent_covered_display": "100", "missing_lines": 0, "excluded_lines": 0, "percent_statements_covered": 100.0, "percent_statements_covered_display": "100"}, "missing_lines": [], "excluded_lines": [], "start_line": 284}, "get_seasonal_suggestions": {"executed_lines": [355, 356, 357, 358, 360, 362, 369, 371], "summary": {"covered_lines": 8, "num_statements": 8, "percent_covered": 100.0, "percent_covered_display": "100", "missing_lines": 0, "excluded_lines": 0, "percent_statements_covered": 100.0, "percent_statements_covered_display": "100"}, "missing_lines": [], "excluded_lines": [], "start_line": 340}, "run": {"executed_lines": [386, 387, 389, 390, 392, 393], "summary": {"covered_lines": 6, "num_statements": 6, "percent_covered": 100.0, "percent_covered_display": "100", "missing_lines": 0, "excluded_lines": 0, "percent_statements_covered": 100.0, "percent_statements_covered_display": "100"}, "missing_lines": [], "excluded_lines": [], "start_line": 380}, "load_seasonal_suggestions": {"executed_lines": [398, 399, 404], "summary": {"covered_lines": 3, "num_statements": 7, "percent_covered": 42.857142857142854, "percent_covered_display": "43", "missing_lines": 4, "excluded_lines": 0, "percent_statements_covered": 42.857142857142854, "percent_statements_covered_display": "43"}, "missing_lines": [400, 401, 402, 403], "excluded_lines": [], "start_line": 396}, "": {"executed_lines": [7, 9, 10, 11, 12, 13, 15, 16, 19, 22, 23, 25, 28, 65, 148, 229, 284, 340, 380, 396], "summary": {"covered_lines": 20, "num_statements": 20, "percent_covered": 100.0, "percent_covered_display": "100", "missing_lines": 0, "excluded_lines": 0, "percent_statements_covered": 100.0, "percent_statements_covered_display": "100"}, "missing_lines": [], "excluded_lines": [], "start_line": 1}}, "classes": {"": {"executed_lines": [7, 9, 10, 11, 12, 13, 15, 16, 19, 22, 23, 25, 28, 38, 39, 41, 43, 45, 46, 47, 49, 50, 55, 56, 57, 58, 59, 60, 62, 65, 67, 70, 99, 125, 145, 148, 150, 153, 179, 202, 226, 229, 231, 284, 286, 340, 355, 356, 357, 358, 360, 362, 369, 371, 380, 386, 387, 389, 390, 392, 393, 396, 398, 399, 404], "summary": {"covered_lines": 65, "num_statements": 72, "percent_covered": 90.27777777777777, "percent_covered_display": "90", "missing_lines": 7, "excluded_lines": 0, "percent_statements_covered": 90.27777777777777, "percent_statements_covered_display": "90"}, "missing_lines": [20, 48, 52, 400, 401, 402, 403], "excluded_lines": [], "start_line": 1}}}, "habitus/habitus/sensor_classifier.py": {"executed_lines": [8, 10, 11, 13, 16, 19, 20, 21, 22, 23, 25, 28, 54, 55, 56, 58, 59, 60, 62, 63, 64, 67, 68, 69, 70, 73, 74, 75, 77, 78, 79, 83, 84, 85, 86, 87, 88, 89, 92, 93, 94, 95, 98, 99, 102, 115, 116, 117, 118, 119, 120, 121, 122, 123, 126, 142, 143, 145, 146, 147, 151, 152, 153, 154, 155, 157, 158, 159, 160, 161], "summary": {"covered_lines": 70, "num_statements": 71, "percent_covered": 98.59154929577464, "percent_covered_display": "99", "missing_lines": 1, "excluded_lines": 0, "percent_statements_covered": 98.59154929577464, "percent_statements_covered_display": "99"}, "missing_lines": [14], "excluded_lines": [], "functions": {"classify_sensor": {"executed_lines": [54, 55, 56, 58, 59, 60, 62, 63, 64, 67, 68, 69, 70, 73, 74, 75, 77, 78, 79, 83, 84, 85, 86, 87, 88, 89, 92, 93, 94, 95, 98, 99], "summary": {"covered_lines": 32, "num_statements": 32, "percent_covered": 100.0, "percent_covered_display": "100", "missing_lines": 0, "excluded_lines": 0, "percent_statements_covered": 100.0, "percent_statements_covered_display": "100"}, "missing_lines": [], "excluded_lines": [], "start_line": 28}, "classify_entities_from_ha_states": {"executed_lines": [115, 116, 117, 118, 119, 120, 121, 122, 123], "summary": {"covered_lines": 9, "num_statements": 9, "percent_covered": 100.0, "percent_covered_display": "100", "missing_lines": 0, "excluded_lines": 0, "percent_statements_covered": 100.0, "percent_statements_covered_display": "100"}, "missing_lines": [], "excluded_lines": [], "start_line": 102}, "_is_monotonically_increasing": {"executed_lines": [142, 143, 145, 146, 147, 151, 152, 153, 154, 155, 157, 158, 159, 160, 161], "summary": {"covered_lines": 15, "num_statements": 15, "percent_covered": 100.0, "percent_covered_display": "100", "missing_lines": 0, "excluded_lines": 0, "percent_statements_covered": 100.0, "percent_statements_covered_display": "100"}, "missing_lines": [], "excluded_lines": [], "start_line": 126}, "": {"executed_lines": [8, 10, 11, 13, 16, 19, 20, 21, 22, 23, 25, 28, 102, 126], "summary": {"covered_lines": 14, "num_statements": 15, "percent_covered": 93.33333333333333, "percent_covered_display": "93", "missing_lines": 1, "excluded_lines": 0, "percent_statements_covered": 93.33333333333333, "percent_statements_covered_display": "93"}, "missing_lines": [14], "excluded_lines": [], "start_line": 1}}, "classes": {"": {"executed_lines": [8, 10, 11, 13, 16, 19, 20, 21, 22, 23, 25, 28, 54, 55, 56, 58, 59, 60, 62, 63, 64, 67, 68, 69, 70, 73, 74, 75, 77, 78, 79, 83, 84, 85, 86, 87, 88, 89, 92, 93, 94, 95, 98, 99, 102, 115, 116, 117, 118, 119, 120, 121, 122, 123, 126, 142, 143, 145, 146, 147, 151, 152, 153, 154, 155, 157, 158, 159, 160, 161], "summary": {"covered_lines": 70, "num_statements": 71, "percent_covered": 98.59154929577464, "percent_covered_display": "99", "missing_lines": 1, "excluded_lines": 0, "percent_statements_covered": 98.59154929577464, "percent_statements_covered_display": "99"}, "missing_lines": [14], "excluded_lines": [], "start_line": 1}}}, "habitus/habitus/sequence_miner.py": {"executed_lines": [7, 8, 9, 10, 11, 12, 13, 15, 17, 18, 19, 21, 24, 26, 28, 31, 37, 38, 39, 101, 103, 104, 105], "summary": {"covered_lines": 23, "num_statements": 91, "percent_covered": 25.274725274725274, "percent_covered_display": "25", "missing_lines": 68, "excluded_lines": 0, "percent_statements_covered": 25.274725274725274, "percent_statements_covered_display": "25"}, "missing_lines": [41, 42, 44, 46, 47, 48, 57, 58, 59, 60, 62, 63, 66, 67, 68, 70, 71, 73, 74, 76, 77, 78, 79, 82, 84, 85, 86, 87, 89, 90, 91, 92, 94, 95, 97, 98, 107, 108, 109, 110, 111, 114, 116, 117, 118, 121, 124, 125, 127, 128, 129, 130, 131, 132, 133, 136, 137, 138, 139, 141, 143, 148, 159, 166, 167, 168, 170, 171], "excluded_lines": [], "functions": {"_load_event_streams": {"executed_lines": [37, 38, 39], "summary": {"covered_lines": 3, "num_statements": 39, "percent_covered": 7.6923076923076925, "percent_covered_display": "8", "missing_lines": 36, "excluded_lines": 0, "percent_statements_covered": 7.6923076923076925, "percent_statements_covered_display": "8"}, "missing_lines": [41, 42, 44, 46, 47, 48, 57, 58, 59, 60, 62, 63, 66, 67, 68, 70, 71, 73, 74, 76, 77, 78, 79, 82, 84, 85, 86, 87, 89, 90, 91, 92, 94, 95, 97, 98], "excluded_lines": [], "start_line": 31}, "mine_sequences": {"executed_lines": [103, 104, 105], "summary": {"covered_lines": 3, "num_statements": 35, "percent_covered": 8.571428571428571, "percent_covered_display": "9", "missing_lines": 32, "excluded_lines": 0, "percent_statements_covered": 8.571428571428571, "percent_statements_covered_display": "9"}, "missing_lines": [107, 108, 109, 110, 111, 114, 116, 117, 118, 121, 124, 125, 127, 128, 129, 130, 131, 132, 133, 136, 137, 138, 139, 141, 143, 148, 159, 166, 167, 168, 170, 171], "excluded_lines": [], "start_line": 101}, "": {"executed_lines": [7, 8, 9, 10, 11, 12, 13, 15, 17, 18, 19, 21, 24, 26, 28, 31, 101], "summary": {"covered_lines": 17, "num_statements": 17, "percent_covered": 100.0, "percent_covered_display": "100", "missing_lines": 0, "excluded_lines": 0, "percent_statements_covered": 100.0, "percent_statements_covered_display": "100"}, "missing_lines": [], "excluded_lines": [], "start_line": 1}}, "classes": {"": {"executed_lines": [7, 8, 9, 10, 11, 12, 13, 15, 17, 18, 19, 21, 24, 26, 28, 31, 37, 38, 39, 101, 103, 104, 105], "summary": {"covered_lines": 23, "num_statements": 91, "percent_covered": 25.274725274725274, "percent_covered_display": "25", "missing_lines": 68, "excluded_lines": 0, "percent_statements_covered": 25.274725274725274, "percent_statements_covered_display": "25"}, "missing_lines": [41, 42, 44, 46, 47, 48, 57, 58, 59, 60, 62, 63, 66, 67, 68, 70, 71, 73, 74, 76, 77, 78, 79, 82, 84, 85, 86, 87, 89, 90, 91, 92, 94, 95, 97, 98, 107, 108, 109, 110, 111, 114, 116, 117, 118, 121, 124, 125, 127, 128, 129, 130, 131, 132, 133, 136, 137, 138, 139, 141, 143, 148, 159, 166, 167, 168, 170, 171], "excluded_lines": [], "start_line": 1}}}, "habitus/habitus/suggestion_feedback.py": {"executed_lines": [18, 20, 21, 22, 23, 24, 26, 28, 29, 31, 32, 40, 41, 42, 43, 44, 47, 50, 51, 52, 53, 54, 62, 75, 78, 84, 85, 88, 91, 92, 93, 96, 107, 108, 110, 111, 112, 114, 115, 116, 117, 118, 119, 120, 124, 132, 152, 153, 154, 156, 157, 158, 159, 161, 162, 164, 166, 167, 168, 170, 171, 172, 174, 177, 178, 181], "summary": {"covered_lines": 66, "num_statements": 74, "percent_covered": 89.1891891891892, "percent_covered_display": "89", "missing_lines": 8, "excluded_lines": 0, "percent_statements_covered": 89.1891891891892, "percent_statements_covered_display": "89"}, "missing_lines": [45, 46, 76, 89, 121, 122, 183, 184], "excluded_lines": [], "functions": {"_load": {"executed_lines": [41, 42, 43, 44, 47], "summary": {"covered_lines": 5, "num_statements": 7, "percent_covered": 71.42857142857143, "percent_covered_display": "71", "missing_lines": 2, "excluded_lines": 0, "percent_statements_covered": 71.42857142857143, "percent_statements_covered_display": "71"}, "missing_lines": [45, 46], "excluded_lines": [], "start_line": 40}, "_save": {"executed_lines": [51, 52, 53, 54], "summary": {"covered_lines": 4, "num_statements": 4, "percent_covered": 100.0, "percent_covered_display": "100", "missing_lines": 0, "excluded_lines": 0, "percent_statements_covered": 100.0, "percent_statements_covered_display": "100"}, "missing_lines": [], "excluded_lines": [], "start_line": 50}, "record_feedback": {"executed_lines": [75, 78, 84, 85, 88, 91, 92, 93], "summary": {"covered_lines": 8, "num_statements": 10, "percent_covered": 80.0, "percent_covered_display": "80", "missing_lines": 2, "excluded_lines": 0, "percent_statements_covered": 80.0, "percent_statements_covered_display": "80"}, "missing_lines": [76, 89], "excluded_lines": [], "start_line": 62}, "get_feedback_summary": {"executed_lines": [107, 108, 110, 111, 112, 114, 115, 116, 117, 118, 119, 120, 124], "summary": {"covered_lines": 13, "num_statements": 15, "percent_covered": 86.66666666666667, "percent_covered_display": "87", "missing_lines": 2, "excluded_lines": 0, "percent_statements_covered": 86.66666666666667, "percent_statements_covered_display": "87"}, "missing_lines": [121, 122], "excluded_lines": [], "start_line": 96}, "apply_feedback_to_suggestions": {"executed_lines": [152, 153, 154, 156, 157, 158, 159, 161, 162, 164, 166, 167, 168, 170, 171, 172, 174, 177, 178], "summary": {"covered_lines": 19, "num_statements": 19, "percent_covered": 100.0, "percent_covered_display": "100", "missing_lines": 0, "excluded_lines": 0, "percent_statements_covered": 100.0, "percent_statements_covered_display": "100"}, "missing_lines": [], "excluded_lines": [], "start_line": 132}, "get_dismissed_ids": {"executed_lines": [], "summary": {"covered_lines": 0, "num_statements": 2, "percent_covered": 0.0, "percent_covered_display": "0", "missing_lines": 2, "excluded_lines": 0, "percent_statements_covered": 0.0, "percent_statements_covered_display": "0"}, "missing_lines": [183, 184], "excluded_lines": [], "start_line": 181}, "": {"executed_lines": [18, 20, 21, 22, 23, 24, 26, 28, 29, 31, 32, 40, 50, 62, 96, 132, 181], "summary": {"covered_lines": 17, "num_statements": 17, "percent_covered": 100.0, "percent_covered_display": "100", "missing_lines": 0, "excluded_lines": 0, "percent_statements_covered": 100.0, "percent_statements_covered_display": "100"}, "missing_lines": [], "excluded_lines": [], "start_line": 1}}, "classes": {"": {"executed_lines": [18, 20, 21, 22, 23, 24, 26, 28, 29, 31, 32, 40, 41, 42, 43, 44, 47, 50, 51, 52, 53, 54, 62, 75, 78, 84, 85, 88, 91, 92, 93, 96, 107, 108, 110, 111, 112, 114, 115, 116, 117, 118, 119, 120, 124, 132, 152, 153, 154, 156, 157, 158, 159, 161, 162, 164, 166, 167, 168, 170, 171, 172, 174, 177, 178, 181], "summary": {"covered_lines": 66, "num_statements": 74, "percent_covered": 89.1891891891892, "percent_covered_display": "89", "missing_lines": 8, "excluded_lines": 0, "percent_statements_covered": 89.1891891891892, "percent_statements_covered_display": "89"}, "missing_lines": [45, 46, 76, 89, 121, 122, 183, 184], "excluded_lines": [], "start_line": 1}}}, "habitus/habitus/trainer.py": {"executed_lines": [3, 5, 6, 7, 9, 11, 12, 15, 16, 19, 22, 23, 24, 25, 26, 32, 33, 34, 37, 39, 40, 43, 44, 45, 46, 47, 59, 60], "summary": {"covered_lines": 28, "num_statements": 33, "percent_covered": 84.84848484848484, "percent_covered_display": "85", "missing_lines": 5, "excluded_lines": 0, "percent_statements_covered": 84.84848484848484, "percent_statements_covered_display": "85"}, "missing_lines": [42, 49, 50, 57, 58], "excluded_lines": [], "functions": {"is_running": {"executed_lines": [16], "summary": {"covered_lines": 1, "num_statements": 1, "percent_covered": 100.0, "percent_covered_display": "100", "missing_lines": 0, "excluded_lines": 0, "percent_statements_covered": 100.0, "percent_statements_covered_display": "100"}, "missing_lines": [], "excluded_lines": [], "start_line": 15}, "start": {"executed_lines": [22, 23, 24, 25, 26, 32, 33, 34], "summary": {"covered_lines": 8, "num_statements": 8, "percent_covered": 100.0, "percent_covered_display": "100", "missing_lines": 0, "excluded_lines": 0, "percent_statements_covered": 100.0, "percent_statements_covered_display": "100"}, "missing_lines": [], "excluded_lines": [], "start_line": 19}, "_run_blocking": {"executed_lines": [39, 40, 43, 44, 45, 46, 47, 59, 60], "summary": {"covered_lines": 9, "num_statements": 14, "percent_covered": 64.28571428571429, "percent_covered_display": "64", "missing_lines": 5, "excluded_lines": 0, "percent_statements_covered": 64.28571428571429, "percent_statements_covered_display": "64"}, "missing_lines": [42, 49, 50, 57, 58], "excluded_lines": [], "start_line": 37}, "": {"executed_lines": [3, 5, 6, 7, 9, 11, 12, 15, 19, 37], "summary": {"covered_lines": 10, "num_statements": 10, "percent_covered": 100.0, "percent_covered_display": "100", "missing_lines": 0, "excluded_lines": 0, "percent_statements_covered": 100.0, "percent_statements_covered_display": "100"}, "missing_lines": [], "excluded_lines": [], "start_line": 1}}, "classes": {"": {"executed_lines": [3, 5, 6, 7, 9, 11, 12, 15, 16, 19, 22, 23, 24, 25, 26, 32, 33, 34, 37, 39, 40, 43, 44, 45, 46, 47, 59, 60], "summary": {"covered_lines": 28, "num_statements": 33, "percent_covered": 84.84848484848484, "percent_covered_display": "85", "missing_lines": 5, "excluded_lines": 0, "percent_statements_covered": 84.84848484848484, "percent_statements_covered_display": "85"}, "missing_lines": [42, 49, 50, 57, 58], "excluded_lines": [], "start_line": 1}}}, "habitus/habitus/utils.py": {"executed_lines": [5, 7, 8, 9, 10, 11, 13, 16, 32, 33, 34, 37, 38, 39, 40, 41, 42, 44, 45, 48], "summary": {"covered_lines": 20, "num_statements": 22, "percent_covered": 90.9090909090909, "percent_covered_display": "91", "missing_lines": 2, "excluded_lines": 0, "percent_statements_covered": 90.9090909090909, "percent_statements_covered_display": "91"}, "missing_lines": [46, 47], "excluded_lines": [], "functions": {"atomic_write": {"executed_lines": [32, 33, 34, 37, 38, 39, 40, 41, 42, 44, 45, 48], "summary": {"covered_lines": 12, "num_statements": 14, "percent_covered": 85.71428571428571, "percent_covered_display": "86", "missing_lines": 2, "excluded_lines": 0, "percent_statements_covered": 85.71428571428571, "percent_statements_covered_display": "86"}, "missing_lines": [46, 47], "excluded_lines": [], "start_line": 16}, "": {"executed_lines": [5, 7, 8, 9, 10, 11, 13, 16], "summary": {"covered_lines": 8, "num_statements": 8, "percent_covered": 100.0, "percent_covered_display": "100", "missing_lines": 0, "excluded_lines": 0, "percent_statements_covered": 100.0, "percent_statements_covered_display": "100"}, "missing_lines": [], "excluded_lines": [], "start_line": 1}}, "classes": {"": {"executed_lines": [5, 7, 8, 9, 10, 11, 13, 16, 32, 33, 34, 37, 38, 39, 40, 41, 42, 44, 45, 48], "summary": {"covered_lines": 20, "num_statements": 22, "percent_covered": 90.9090909090909, "percent_covered_display": "91", "missing_lines": 2, "excluded_lines": 0, "percent_statements_covered": 90.9090909090909, "percent_statements_covered_display": "91"}, "missing_lines": [46, 47], "excluded_lines": [], "start_line": 1}}}}, "totals": {"covered_lines": 4742, "num_statements": 7779, "percent_covered": 60.95899215837511, "percent_covered_display": "61", "missing_lines": 3037, "excluded_lines": 6, "percent_statements_covered": 60.95899215837511, "percent_statements_covered_display": "61"}}